<?xml version="1.0" encoding="UTF-8"?>
<coverage generated="1681515181885" clover="3.2.0">
  <project timestamp="1681515181885" name="All files">
    <metrics statements="40" coveredstatements="38" conditionals="12" coveredconditionals="10" methods="10" coveredmethods="10" elements="62" coveredelements="58" complexity="0" loc="40" ncloc="40" packages="3" files="3" classes="3"/>
    <package name="Components.JungleCamp">
      <metrics statements="22" coveredstatements="20" conditionals="12" coveredconditionals="10" methods="3" coveredmethods="3"/>
      <file name="JungleCamp.jsx" path="D:\School-Work\Assignment\1DV613\jgl-tool\jungle-tool\src\Components\JungleCamp\JungleCamp.jsx">
        <metrics statements="22" coveredstatements="20" conditionals="12" coveredconditionals="10" methods="3" coveredmethods="3"/>
        <line num="5" count="1" type="stmt"/>
        <line num="7" count="72" type="stmt"/>
        <line num="8" count="72" type="stmt"/>
        <line num="9" count="72" type="stmt"/>
        <line num="10" count="72" type="stmt"/>
        <line num="11" count="72" type="stmt"/>
        <line num="13" count="72" type="stmt"/>
        <line num="14" count="70" type="cond" truecount="3" falsecount="1"/>
        <line num="15" count="0" type="stmt"/>
        <line num="16" count="0" type="stmt"/>
        <line num="17" count="70" type="cond" truecount="2" falsecount="0"/>
        <line num="18" count="2" type="cond" truecount="1" falsecount="1"/>
        <line num="19" count="2" type="stmt"/>
        <line num="20" count="2" type="stmt"/>
        <line num="25" count="72" type="stmt"/>
        <line num="28" count="3" type="cond" truecount="2" falsecount="0"/>
        <line num="29" count="2" type="stmt"/>
        <line num="30" count="2" type="stmt"/>
        <line num="31" count="2" type="stmt"/>
        <line num="33" count="1" type="stmt"/>
        <line num="34" count="1" type="stmt"/>
        <line num="35" count="1" type="stmt"/>
      </file>
    </package>
    <package name="Components.Map">
      <metrics statements="5" coveredstatements="5" conditionals="0" coveredconditionals="0" methods="3" coveredmethods="3"/>
      <file name="Map.jsx" path="D:\School-Work\Assignment\1DV613\jgl-tool\jungle-tool\src\Components\Map\Map.jsx">
        <metrics statements="5" coveredstatements="5" conditionals="0" coveredconditionals="0" methods="3" coveredmethods="3"/>
        <line num="7" count="1" type="stmt"/>
        <line num="9" count="2" type="stmt"/>
        <line num="82" count="2" type="stmt"/>
        <line num="85" count="5" type="stmt"/>
        <line num="88" count="70" type="stmt"/>
      </file>
    </package>
    <package name="Contexts">
      <metrics statements="13" coveredstatements="13" conditionals="0" coveredconditionals="0" methods="4" coveredmethods="4"/>
      <file name="CampSelectionContext.jsx" path="D:\School-Work\Assignment\1DV613\jgl-tool\jungle-tool\src\Contexts\CampSelectionContext.jsx">
        <metrics statements="13" coveredstatements="13" conditionals="0" coveredconditionals="0" methods="4" coveredmethods="4"/>
        <line num="4" count="1" type="stmt"/>
        <line num="6" count="1" type="stmt"/>
        <line num="8" count="5" type="stmt"/>
        <line num="9" count="5" type="stmt"/>
        <line num="11" count="5" type="stmt"/>
        <line num="12" count="2" type="stmt"/>
        <line num="13" count="2" type="stmt"/>
        <line num="15" count="5" type="stmt"/>
        <line num="16" count="1" type="stmt"/>
        <line num="17" count="1" type="stmt"/>
        <line num="18" count="1" type="stmt"/>
        <line num="19" count="1" type="stmt"/>
        <line num="22" count="5" type="stmt"/>
      </file>
    </package>
  </project>
</coverage>
