<?xml version="1.0" encoding="UTF-8"?>
<coverage generated="1691327467495" clover="3.2.0">
  <project timestamp="1691327467496" name="All files">
    <metrics statements="350" coveredstatements="208" conditionals="112" coveredconditionals="52" methods="92" coveredmethods="45" elements="554" coveredelements="305" complexity="0" loc="350" ncloc="350" packages="19" files="20" classes="20"/>
    <package name="src">
      <metrics statements="28" coveredstatements="16" conditionals="6" coveredconditionals="3" methods="8" coveredmethods="5"/>
      <file name="App.jsx" path="D:\School-Work\Assignment\1DV613\jgl-tool\jungle-tool\src\App.jsx">
        <metrics statements="28" coveredstatements="16" conditionals="6" coveredconditionals="3" methods="8" coveredmethods="5"/>
        <line num="18" count="12" type="stmt"/>
        <line num="19" count="12" type="stmt"/>
        <line num="20" count="12" type="stmt"/>
        <line num="21" count="4" type="stmt"/>
        <line num="22" count="4" type="stmt"/>
        <line num="23" count="4" type="stmt"/>
        <line num="24" count="4" type="stmt"/>
        <line num="25" count="4" type="cond" truecount="1" falsecount="1"/>
        <line num="26" count="0" type="stmt"/>
        <line num="27" count="0" type="stmt"/>
        <line num="28" count="0" type="stmt"/>
        <line num="32" count="0" type="stmt"/>
        <line num="33" count="0" type="stmt"/>
        <line num="34" count="0" type="stmt"/>
        <line num="37" count="0" type="stmt"/>
        <line num="39" count="4" type="cond" truecount="1" falsecount="1"/>
        <line num="40" count="0" type="stmt"/>
        <line num="41" count="0" type="stmt"/>
        <line num="42" count="4" type="cond" truecount="1" falsecount="1"/>
        <line num="43" count="0" type="stmt"/>
        <line num="44" count="0" type="stmt"/>
        <line num="52" count="12" type="stmt"/>
        <line num="56" count="8" type="stmt"/>
        <line num="57" count="8" type="stmt"/>
        <line num="58" count="0" type="stmt"/>
        <line num="61" count="8" type="stmt"/>
        <line num="64" count="12" type="stmt"/>
        <line num="75" count="84" type="stmt"/>
      </file>
    </package>
    <package name="src.Components.Button">
      <metrics statements="2" coveredstatements="2" conditionals="4" coveredconditionals="4" methods="1" coveredmethods="1"/>
      <file name="Button.jsx" path="D:\School-Work\Assignment\1DV613\jgl-tool\jungle-tool\src\Components\Button\Button.jsx">
        <metrics statements="2" coveredstatements="2" conditionals="4" coveredconditionals="4" methods="1" coveredmethods="1"/>
        <line num="14" count="1" type="stmt"/>
        <line num="15" count="672" type="stmt"/>
      </file>
    </package>
    <package name="src.Components.Copied">
      <metrics statements="3" coveredstatements="3" conditionals="0" coveredconditionals="0" methods="1" coveredmethods="1"/>
      <file name="Copied.jsx" path="D:\School-Work\Assignment\1DV613\jgl-tool\jungle-tool\src\Components\Copied\Copied.jsx">
        <metrics statements="3" coveredstatements="3" conditionals="0" coveredconditionals="0" methods="1" coveredmethods="1"/>
        <line num="9" count="1" type="stmt"/>
        <line num="11" count="12" type="stmt"/>
        <line num="13" count="12" type="stmt"/>
      </file>
    </package>
    <package name="src.Components.DownloadOptions">
      <metrics statements="2" coveredstatements="2" conditionals="0" coveredconditionals="0" methods="1" coveredmethods="1"/>
      <file name="DownloadOptions.jsx" path="D:\School-Work\Assignment\1DV613\jgl-tool\jungle-tool\src\Components\DownloadOptions\DownloadOptions.jsx">
        <metrics statements="2" coveredstatements="2" conditionals="0" coveredconditionals="0" methods="1" coveredmethods="1"/>
        <line num="12" count="1" type="stmt"/>
        <line num="13" count="84" type="stmt"/>
      </file>
    </package>
    <package name="src.Components.ExpDisplay">
      <metrics statements="22" coveredstatements="22" conditionals="8" coveredconditionals="8" methods="3" coveredmethods="3"/>
      <file name="ExpDisplay.jsx" path="D:\School-Work\Assignment\1DV613\jgl-tool\jungle-tool\src\Components\ExpDisplay\ExpDisplay.jsx">
        <metrics statements="22" coveredstatements="22" conditionals="8" coveredconditionals="8" methods="3" coveredmethods="3"/>
        <line num="12" count="1" type="stmt"/>
        <line num="13" count="84" type="stmt"/>
        <line num="14" count="84" type="stmt"/>
        <line num="16" count="84" type="stmt"/>
        <line num="17" count="40" type="cond" truecount="2" falsecount="0"/>
        <line num="18" count="32" type="stmt"/>
        <line num="19" count="32" type="stmt"/>
        <line num="20" count="32" type="stmt"/>
        <line num="21" count="32" type="stmt"/>
        <line num="22" count="216" type="stmt"/>
        <line num="24" count="216" type="cond" truecount="2" falsecount="0"/>
        <line num="27" count="216" type="stmt"/>
        <line num="28" count="216" type="cond" truecount="2" falsecount="0"/>
        <line num="29" count="90" type="stmt"/>
        <line num="31" count="216" type="stmt"/>
        <line num="32" count="216" type="stmt"/>
        <line num="33" count="216" type="stmt"/>
        <line num="35" count="32" type="stmt"/>
        <line num="37" count="40" type="cond" truecount="2" falsecount="0"/>
        <line num="38" count="8" type="stmt"/>
        <line num="44" count="84" type="stmt"/>
        <line num="56" count="432" type="stmt"/>
      </file>
    </package>
    <package name="src.Components.ExportOptions">
      <metrics statements="3" coveredstatements="3" conditionals="0" coveredconditionals="0" methods="1" coveredmethods="1"/>
      <file name="ExportOptions.jsx" path="D:\School-Work\Assignment\1DV613\jgl-tool\jungle-tool\src\Components\ExportOptions\ExportOptions.jsx">
        <metrics statements="3" coveredstatements="3" conditionals="0" coveredconditionals="0" methods="1" coveredmethods="1"/>
        <line num="15" count="1" type="stmt"/>
        <line num="17" count="84" type="stmt"/>
        <line num="19" count="84" type="stmt"/>
      </file>
    </package>
    <package name="src.Components.Footer">
      <metrics statements="2" coveredstatements="2" conditionals="0" coveredconditionals="0" methods="1" coveredmethods="1"/>
      <file name="Footer.jsx" path="D:\School-Work\Assignment\1DV613\jgl-tool\jungle-tool\src\Components\Footer\Footer.jsx">
        <metrics statements="2" coveredstatements="2" conditionals="0" coveredconditionals="0" methods="1" coveredmethods="1"/>
        <line num="8" count="1" type="stmt"/>
        <line num="9" count="12" type="stmt"/>
      </file>
    </package>
    <package name="src.Components.ImportOptions">
      <metrics statements="3" coveredstatements="3" conditionals="0" coveredconditionals="0" methods="1" coveredmethods="1"/>
      <file name="ImportOptions.jsx" path="D:\School-Work\Assignment\1DV613\jgl-tool\jungle-tool\src\Components\ImportOptions\ImportOptions.jsx">
        <metrics statements="3" coveredstatements="3" conditionals="0" coveredconditionals="0" methods="1" coveredmethods="1"/>
        <line num="15" count="1" type="stmt"/>
        <line num="17" count="84" type="stmt"/>
        <line num="19" count="84" type="stmt"/>
      </file>
    </package>
    <package name="src.Components.JsonImportDisplay">
      <metrics statements="8" coveredstatements="3" conditionals="2" coveredconditionals="1" methods="5" coveredmethods="1"/>
      <file name="JsonImportDisplay.jsx" path="D:\School-Work\Assignment\1DV613\jgl-tool\jungle-tool\src\Components\JsonImportDisplay\JsonImportDisplay.jsx">
        <metrics statements="8" coveredstatements="3" conditionals="2" coveredconditionals="1" methods="5" coveredmethods="1"/>
        <line num="10" count="1" type="stmt"/>
        <line num="11" count="12" type="stmt"/>
        <line num="12" count="12" type="stmt"/>
        <line num="14" count="0" type="cond" truecount="1" falsecount="1"/>
        <line num="15" count="0" type="stmt"/>
        <line num="18" count="0" type="stmt"/>
        <line num="20" count="0" type="stmt"/>
        <line num="21" count="0" type="stmt"/>
      </file>
    </package>
    <package name="src.Components.JungleCamp">
      <metrics statements="27" coveredstatements="27" conditionals="14" coveredconditionals="14" methods="4" coveredmethods="4"/>
      <file name="JungleCamp.jsx" path="D:\School-Work\Assignment\1DV613\jgl-tool\jungle-tool\src\Components\JungleCamp\JungleCamp.jsx">
        <metrics statements="27" coveredstatements="27" conditionals="14" coveredconditionals="14" methods="4" coveredmethods="4"/>
        <line num="14" count="2" type="stmt"/>
        <line num="16" count="1470" type="stmt"/>
        <line num="17" count="1470" type="stmt"/>
        <line num="18" count="1470" type="stmt"/>
        <line num="19" count="1470" type="stmt"/>
        <line num="21" count="1470" type="stmt"/>
        <line num="22" count="1470" type="stmt"/>
        <line num="23" count="1470" type="stmt"/>
        <line num="24" count="707" type="cond" truecount="4" falsecount="0"/>
        <line num="25" count="41" type="stmt"/>
        <line num="26" count="41" type="stmt"/>
        <line num="27" count="666" type="cond" truecount="4" falsecount="0"/>
        <line num="28" count="47" type="stmt"/>
        <line num="29" count="47" type="stmt"/>
        <line num="33" count="1470" type="stmt"/>
        <line num="34" count="707" type="cond" truecount="2" falsecount="0"/>
        <line num="35" count="187" type="stmt"/>
        <line num="36" count="187" type="stmt"/>
        <line num="37" count="187" type="stmt"/>
        <line num="41" count="1470" type="stmt"/>
        <line num="44" count="69" type="cond" truecount="2" falsecount="0"/>
        <line num="45" count="53" type="stmt"/>
        <line num="46" count="53" type="stmt"/>
        <line num="47" count="53" type="stmt"/>
        <line num="49" count="16" type="stmt"/>
        <line num="50" count="16" type="stmt"/>
        <line num="51" count="16" type="stmt"/>
      </file>
    </package>
    <package name="src.Components.Map">
      <metrics statements="19" coveredstatements="8" conditionals="4" coveredconditionals="1" methods="5" coveredmethods="4"/>
      <file name="Map.jsx" path="D:\School-Work\Assignment\1DV613\jgl-tool\jungle-tool\src\Components\Map\Map.jsx">
        <metrics statements="19" coveredstatements="8" conditionals="4" coveredconditionals="1" methods="5" coveredmethods="4"/>
        <line num="15" count="2" type="stmt"/>
        <line num="17" count="87" type="stmt"/>
        <line num="19" count="87" type="stmt"/>
        <line num="20" count="7" type="cond" truecount="1" falsecount="1"/>
        <line num="21" count="0" type="stmt"/>
        <line num="22" count="0" type="stmt"/>
        <line num="23" count="0" type="stmt"/>
        <line num="24" count="0" type="stmt"/>
        <line num="32" count="87" type="stmt"/>
        <line num="33" count="0" type="stmt"/>
        <line num="34" count="0" type="stmt"/>
        <line num="35" count="0" type="cond" truecount="0" falsecount="2"/>
        <line num="36" count="0" type="stmt"/>
        <line num="39" count="0" type="stmt"/>
        <line num="40" count="0" type="stmt"/>
        <line num="41" count="0" type="stmt"/>
        <line num="45" count="87" type="stmt"/>
        <line num="48" count="100" type="stmt"/>
        <line num="52" count="1400" type="stmt"/>
      </file>
    </package>
    <package name="src.Components.ResetButton">
      <metrics statements="3" coveredstatements="3" conditionals="0" coveredconditionals="0" methods="1" coveredmethods="1"/>
      <file name="ResetButton.jsx" path="D:\School-Work\Assignment\1DV613\jgl-tool\jungle-tool\src\Components\ResetButton\ResetButton.jsx">
        <metrics statements="3" coveredstatements="3" conditionals="0" coveredconditionals="0" methods="1" coveredmethods="1"/>
        <line num="10" count="2" type="stmt"/>
        <line num="12" count="100" type="stmt"/>
        <line num="14" count="100" type="stmt"/>
      </file>
    </package>
    <package name="src.Components.SelectChamp">
      <metrics statements="36" coveredstatements="12" conditionals="14" coveredconditionals="3" methods="13" coveredmethods="2"/>
      <file name="SelectChamp.jsx" path="D:\School-Work\Assignment\1DV613\jgl-tool\jungle-tool\src\Components\SelectChamp\SelectChamp.jsx">
        <metrics statements="36" coveredstatements="12" conditionals="14" coveredconditionals="3" methods="13" coveredmethods="2"/>
        <line num="12" count="1" type="stmt"/>
        <line num="14" count="84" type="stmt"/>
        <line num="15" count="84" type="stmt"/>
        <line num="16" count="84" type="stmt"/>
        <line num="17" count="84" type="stmt"/>
        <line num="23" count="84" type="stmt"/>
        <line num="24" count="0" type="stmt"/>
        <line num="25" count="0" type="stmt"/>
        <line num="27" count="0" type="stmt"/>
        <line num="28" count="0" type="cond" truecount="0" falsecount="2"/>
        <line num="30" count="0" type="stmt"/>
        <line num="31" count="0" type="stmt"/>
        <line num="35" count="84" type="stmt"/>
        <line num="36" count="4" type="cond" truecount="1" falsecount="1"/>
        <line num="37" count="0" type="cond" truecount="0" falsecount="2"/>
        <line num="38" count="0" type="stmt"/>
        <line num="39" count="0" type="stmt"/>
        <line num="40" count="0" type="cond" truecount="0" falsecount="2"/>
        <line num="41" count="0" type="stmt"/>
        <line num="42" count="0" type="stmt"/>
        <line num="43" count="0" type="stmt"/>
        <line num="45" count="0" type="stmt"/>
        <line num="55" count="84" type="stmt"/>
        <line num="56" count="0" type="stmt"/>
        <line num="63" count="84" type="stmt"/>
        <line num="64" count="0" type="stmt"/>
        <line num="65" count="0" type="cond" truecount="0" falsecount="2"/>
        <line num="66" count="0" type="stmt"/>
        <line num="68" count="0" type="stmt"/>
        <line num="75" count="84" type="stmt"/>
        <line num="76" count="0" type="stmt"/>
        <line num="77" count="0" type="stmt"/>
        <line num="81" count="84" type="stmt"/>
        <line num="85" count="0" type="stmt"/>
        <line num="90" count="0" type="stmt"/>
        <line num="95" count="0" type="stmt"/>
      </file>
    </package>
    <package name="src.Components.SideBar">
      <metrics statements="18" coveredstatements="6" conditionals="0" coveredconditionals="0" methods="10" coveredmethods="2"/>
      <file name="SideBar.jsx" path="D:\School-Work\Assignment\1DV613\jgl-tool\jungle-tool\src\Components\SideBar\SideBar.jsx">
        <metrics statements="18" coveredstatements="6" conditionals="0" coveredconditionals="0" methods="10" coveredmethods="2"/>
        <line num="14" count="1" type="stmt"/>
        <line num="15" count="84" type="stmt"/>
        <line num="16" count="84" type="stmt"/>
        <line num="19" count="84" type="stmt"/>
        <line num="21" count="84" type="stmt"/>
        <line num="26" count="84" type="stmt"/>
        <line num="32" count="0" type="stmt"/>
        <line num="35" count="0" type="stmt"/>
        <line num="41" count="0" type="stmt"/>
        <line num="42" count="0" type="stmt"/>
        <line num="43" count="0" type="stmt"/>
        <line num="44" count="0" type="stmt"/>
        <line num="45" count="0" type="stmt"/>
        <line num="48" count="0" type="stmt"/>
        <line num="53" count="0" type="stmt"/>
        <line num="54" count="0" type="stmt"/>
        <line num="58" count="0" type="stmt"/>
        <line num="59" count="0" type="stmt"/>
      </file>
    </package>
    <package name="src.Components.SideSelect">
      <metrics statements="47" coveredstatements="13" conditionals="26" coveredconditionals="2" methods="6" coveredmethods="3"/>
      <file name="SideSelect.jsx" path="D:\School-Work\Assignment\1DV613\jgl-tool\jungle-tool\src\Components\SideSelect\SideSelect.jsx">
        <metrics statements="47" coveredstatements="13" conditionals="26" coveredconditionals="2" methods="6" coveredmethods="3"/>
        <line num="10" count="1" type="stmt"/>
        <line num="12" count="84" type="stmt"/>
        <line num="13" count="84" type="stmt"/>
        <line num="14" count="84" type="stmt"/>
        <line num="15" count="84" type="stmt"/>
        <line num="21" count="84" type="stmt"/>
        <line num="22" count="0" type="stmt"/>
        <line num="23" count="0" type="cond" truecount="0" falsecount="2"/>
        <line num="24" count="0" type="stmt"/>
        <line num="25" count="0" type="cond" truecount="0" falsecount="2"/>
        <line num="26" count="0" type="cond" truecount="0" falsecount="2"/>
        <line num="27" count="0" type="stmt"/>
        <line num="30" count="0" type="cond" truecount="0" falsecount="2"/>
        <line num="31" count="0" type="stmt"/>
        <line num="32" count="0" type="stmt"/>
        <line num="34" count="0" type="stmt"/>
        <line num="35" count="0" type="stmt"/>
        <line num="39" count="0" type="stmt"/>
        <line num="40" count="0" type="stmt"/>
        <line num="43" count="0" type="cond" truecount="0" falsecount="2"/>
        <line num="44" count="0" type="stmt"/>
        <line num="45" count="0" type="cond" truecount="0" falsecount="2"/>
        <line num="46" count="0" type="cond" truecount="0" falsecount="2"/>
        <line num="47" count="0" type="stmt"/>
        <line num="50" count="0" type="cond" truecount="0" falsecount="2"/>
        <line num="51" count="0" type="stmt"/>
        <line num="52" count="0" type="stmt"/>
        <line num="54" count="0" type="stmt"/>
        <line num="55" count="0" type="stmt"/>
        <line num="59" count="0" type="stmt"/>
        <line num="60" count="0" type="stmt"/>
        <line num="65" count="84" type="stmt"/>
        <line num="66" count="4" type="cond" truecount="1" falsecount="1"/>
        <line num="67" count="0" type="cond" truecount="0" falsecount="2"/>
        <line num="71" count="84" type="stmt"/>
        <line num="72" count="4" type="cond" truecount="1" falsecount="1"/>
        <line num="73" count="4" type="stmt"/>
        <line num="74" count="4" type="stmt"/>
        <line num="75" count="0" type="cond" truecount="0" falsecount="2"/>
        <line num="76" count="0" type="stmt"/>
        <line num="77" count="0" type="stmt"/>
        <line num="78" count="0" type="cond" truecount="0" falsecount="2"/>
        <line num="79" count="0" type="stmt"/>
        <line num="80" count="0" type="stmt"/>
        <line num="84" count="84" type="stmt"/>
        <line num="94" count="0" type="stmt"/>
        <line num="104" count="0" type="stmt"/>
      </file>
    </package>
    <package name="src.Components.UrlImportDisplay">
      <metrics statements="8" coveredstatements="3" conditionals="2" coveredconditionals="1" methods="5" coveredmethods="1"/>
      <file name="UrlImportDisplay.jsx" path="D:\School-Work\Assignment\1DV613\jgl-tool\jungle-tool\src\Components\UrlImportDisplay\UrlImportDisplay.jsx">
        <metrics statements="8" coveredstatements="3" conditionals="2" coveredconditionals="1" methods="5" coveredmethods="1"/>
        <line num="10" count="1" type="stmt"/>
        <line num="11" count="12" type="stmt"/>
        <line num="13" count="12" type="stmt"/>
        <line num="15" count="0" type="cond" truecount="1" falsecount="1"/>
        <line num="16" count="0" type="stmt"/>
        <line num="19" count="0" type="stmt"/>
        <line num="21" count="0" type="stmt"/>
        <line num="22" count="0" type="stmt"/>
      </file>
    </package>
    <package name="src.Components.ValuesDisplay">
      <metrics statements="4" coveredstatements="4" conditionals="0" coveredconditionals="0" methods="2" coveredmethods="2"/>
      <file name="ValuesDisplay.jsx" path="D:\School-Work\Assignment\1DV613\jgl-tool\jungle-tool\src\Components\ValuesDisplay\ValuesDisplay.jsx">
        <metrics statements="4" coveredstatements="4" conditionals="0" coveredconditionals="0" methods="2" coveredmethods="2"/>
        <line num="11" count="1" type="stmt"/>
        <line num="13" count="12" type="stmt"/>
        <line num="15" count="12" type="stmt"/>
        <line num="29" count="84" type="stmt"/>
      </file>
    </package>
    <package name="src.Contexts">
      <metrics statements="111" coveredstatements="72" conditionals="32" coveredconditionals="15" methods="24" coveredmethods="11"/>
      <file name="CampSelectionContext.jsx" path="D:\School-Work\Assignment\1DV613\jgl-tool\jungle-tool\src\Contexts\CampSelectionContext.jsx">
        <metrics statements="58" coveredstatements="51" conditionals="18" coveredconditionals="15" methods="12" coveredmethods="10"/>
        <line num="4" count="3" type="stmt"/>
        <line num="11" count="3" type="stmt"/>
        <line num="12" count="732" type="stmt"/>
        <line num="13" count="732" type="stmt"/>
        <line num="14" count="14" type="cond" truecount="3" falsecount="1"/>
        <line num="15" count="0" type="stmt"/>
        <line num="16" count="0" type="stmt"/>
        <line num="18" count="14" type="stmt"/>
        <line num="22" count="732" type="cond" truecount="2" falsecount="0"/>
        <line num="23" count="732" type="stmt"/>
        <line num="24" count="732" type="stmt"/>
        <line num="25" count="732" type="stmt"/>
        <line num="26" count="732" type="stmt"/>
        <line num="27" count="732" type="stmt"/>
        <line num="28" count="732" type="stmt"/>
        <line num="29" count="732" type="stmt"/>
        <line num="35" count="732" type="stmt"/>
        <line num="36" count="253" type="cond" truecount="2" falsecount="0"/>
        <line num="37" count="23" type="stmt"/>
        <line num="38" count="23" type="cond" truecount="2" falsecount="0"/>
        <line num="42" count="230" type="cond" truecount="2" falsecount="0"/>
        <line num="43" count="8" type="stmt"/>
        <line num="44" count="8" type="stmt"/>
        <line num="46" count="222" type="stmt"/>
        <line num="51" count="732" type="stmt"/>
        <line num="52" count="10338" type="stmt"/>
        <line num="53" count="366" type="stmt"/>
        <line num="54" count="366" type="stmt"/>
        <line num="55" count="366" type="stmt"/>
        <line num="56" count="366" type="stmt"/>
        <line num="57" count="366" type="cond" truecount="1" falsecount="1"/>
        <line num="58" count="0" type="stmt"/>
        <line num="60" count="366" type="stmt"/>
        <line num="67" count="732" type="stmt"/>
        <line num="68" count="117" type="cond" truecount="2" falsecount="0"/>
        <line num="69" count="15" type="stmt"/>
        <line num="70" count="15" type="stmt"/>
        <line num="72" count="102" type="cond" truecount="1" falsecount="1"/>
        <line num="73" count="0" type="stmt"/>
        <line num="74" count="0" type="stmt"/>
        <line num="75" count="0" type="stmt"/>
        <line num="76" count="0" type="stmt"/>
        <line num="78" count="102" type="stmt"/>
        <line num="83" count="732" type="stmt"/>
        <line num="95" count="4" type="stmt"/>
        <line num="96" count="4" type="stmt"/>
        <line num="97" count="4" type="stmt"/>
        <line num="98" count="4" type="stmt"/>
        <line num="99" count="4" type="stmt"/>
        <line num="106" count="253" type="stmt"/>
        <line num="107" count="253" type="stmt"/>
        <line num="108" count="253" type="stmt"/>
        <line num="109" count="253" type="stmt"/>
        <line num="116" count="117" type="stmt"/>
        <line num="117" count="220" type="stmt"/>
        <line num="118" count="117" type="stmt"/>
        <line num="119" count="117" type="stmt"/>
        <line num="120" count="117" type="stmt"/>
      </file>
      <file name="SideBarContext.jsx" path="D:\School-Work\Assignment\1DV613\jgl-tool\jungle-tool\src\Contexts\SideBarContext.jsx">
        <metrics statements="53" coveredstatements="21" conditionals="14" coveredconditionals="0" methods="12" coveredmethods="1"/>
        <line num="4" count="2" type="stmt"/>
        <line num="11" count="2" type="stmt"/>
        <line num="13" count="7" type="stmt"/>
        <line num="14" count="7" type="stmt"/>
        <line num="15" count="7" type="stmt"/>
        <line num="16" count="7" type="stmt"/>
        <line num="17" count="7" type="stmt"/>
        <line num="18" count="7" type="stmt"/>
        <line num="19" count="7" type="stmt"/>
        <line num="20" count="7" type="stmt"/>
        <line num="24" count="7" type="stmt"/>
        <line num="25" count="0" type="stmt"/>
        <line num="31" count="7" type="stmt"/>
        <line num="32" count="0" type="cond" truecount="0" falsecount="2"/>
        <line num="40" count="7" type="stmt"/>
        <line num="41" count="0" type="cond" truecount="0" falsecount="4"/>
        <line num="42" count="0" type="stmt"/>
        <line num="43" count="0" type="stmt"/>
        <line num="44" count="0" type="cond" truecount="0" falsecount="4"/>
        <line num="45" count="0" type="stmt"/>
        <line num="46" count="0" type="stmt"/>
        <line num="48" count="0" type="cond" truecount="0" falsecount="2"/>
        <line num="49" count="0" type="stmt"/>
        <line num="50" count="0" type="stmt"/>
        <line num="51" count="0" type="stmt"/>
        <line num="58" count="7" type="stmt"/>
        <line num="59" count="0" type="stmt"/>
        <line num="64" count="7" type="stmt"/>
        <line num="65" count="0" type="stmt"/>
        <line num="71" count="7" type="stmt"/>
        <line num="72" count="0" type="stmt"/>
        <line num="73" count="0" type="stmt"/>
        <line num="74" count="0" type="stmt"/>
        <line num="75" count="0" type="stmt"/>
        <line num="76" count="0" type="stmt"/>
        <line num="77" count="0" type="stmt"/>
        <line num="80" count="0" type="stmt"/>
        <line num="87" count="7" type="stmt"/>
        <line num="88" count="0" type="stmt"/>
        <line num="94" count="7" type="stmt"/>
        <line num="95" count="0" type="stmt"/>
        <line num="102" count="7" type="stmt"/>
        <line num="103" count="0" type="stmt"/>
        <line num="104" count="0" type="stmt"/>
        <line num="105" count="0" type="stmt"/>
        <line num="107" count="0" type="stmt"/>
        <line num="111" count="0" type="stmt"/>
        <line num="118" count="7" type="stmt"/>
        <line num="119" count="0" type="cond" truecount="0" falsecount="2"/>
        <line num="120" count="0" type="stmt"/>
        <line num="123" count="0" type="stmt"/>
        <line num="125" count="0" type="stmt"/>
        <line num="128" count="7" type="stmt"/>
      </file>
    </package>
    <package name="src.Data">
      <metrics statements="4" coveredstatements="4" conditionals="0" coveredconditionals="0" methods="0" coveredmethods="0"/>
      <file name="Arrays.js" path="D:\School-Work\Assignment\1DV613\jgl-tool\jungle-tool\src\Data\Arrays.js">
        <metrics statements="4" coveredstatements="4" conditionals="0" coveredconditionals="0" methods="0" coveredmethods="0"/>
        <line num="1" count="2" type="stmt"/>
        <line num="166" count="2" type="stmt"/>
        <line num="168" count="2" type="stmt"/>
        <line num="241" count="2" type="stmt"/>
      </file>
    </package>
  </project>
</coverage>
