{"D:\\School-Work\\Assignment\\1DV613\\jgl-tool\\jungle-tool\\src\\App.jsx": {"path":"D:\\School-Work\\Assignment\\1DV613\\jgl-tool\\jungle-tool\\src\\App.jsx","statementMap":{"0":{"start":{"line":18,"column":44},"end":{"line":18,"column":76}},"1":{"start":{"line":19,"column":18},"end":{"line":19,"column":42}},"2":{"start":{"line":20,"column":1},"end":{"line":46,"column":7}},"3":{"start":{"line":21,"column":2},"end":{"line":21,"column":22}},"4":{"start":{"line":22,"column":24},"end":{"line":22,"column":43}},"5":{"start":{"line":23,"column":26},"end":{"line":23,"column":42}},"6":{"start":{"line":24,"column":21},"end":{"line":24,"column":63}},"7":{"start":{"line":25,"column":2},"end":{"line":38,"column":3}},"8":{"start":{"line":26,"column":22},"end":{"line":26,"column":45}},"9":{"start":{"line":27,"column":19},"end":{"line":27,"column":40}},"10":{"start":{"line":28,"column":17},"end":{"line":28,"column":65}},"11":{"start":{"line":28,"column":37},"end":{"line":28,"column":64}},"12":{"start":{"line":32,"column":22},"end":{"line":36,"column":4}},"13":{"start":{"line":33,"column":4},"end":{"line":35,"column":5}},"14":{"start":{"line":33,"column":17},"end":{"line":33,"column":18}},"15":{"start":{"line":34,"column":5},"end":{"line":34,"column":62}},"16":{"start":{"line":34,"column":37},"end":{"line":34,"column":61}},"17":{"start":{"line":37,"column":3},"end":{"line":37,"column":15}},"18":{"start":{"line":39,"column":2},"end":{"line":45,"column":3}},"19":{"start":{"line":40,"column":18},"end":{"line":40,"column":51}},"20":{"start":{"line":41,"column":3},"end":{"line":41,"column":25}},"21":{"start":{"line":42,"column":9},"end":{"line":45,"column":3}},"22":{"start":{"line":43,"column":19},"end":{"line":43,"column":53}},"23":{"start":{"line":44,"column":3},"end":{"line":44,"column":26}},"24":{"start":{"line":52,"column":1},"end":{"line":62,"column":20}},"25":{"start":{"line":56,"column":29},"end":{"line":60,"column":3}},"26":{"start":{"line":57,"column":3},"end":{"line":59,"column":4}},"27":{"start":{"line":57,"column":16},"end":{"line":57,"column":17}},"28":{"start":{"line":58,"column":4},"end":{"line":58,"column":34}},"29":{"start":{"line":61,"column":2},"end":{"line":61,"column":22}},"30":{"start":{"line":64,"column":1},"end":{"line":88,"column":2}},"31":{"start":{"line":75,"column":6},"end":{"line":82,"column":9}}},"fnMap":{"0":{"name":"App","decl":{"start":{"line":16,"column":9},"end":{"line":16,"column":12}},"loc":{"start":{"line":16,"column":15},"end":{"line":89,"column":1}},"line":16},"1":{"name":"(anonymous_1)","decl":{"start":{"line":20,"column":11},"end":{"line":20,"column":12}},"loc":{"start":{"line":20,"column":17},"end":{"line":46,"column":2}},"line":20},"2":{"name":"(anonymous_2)","decl":{"start":{"line":28,"column":29},"end":{"line":28,"column":30}},"loc":{"start":{"line":28,"column":37},"end":{"line":28,"column":64}},"line":28},"3":{"name":"(anonymous_3)","decl":{"start":{"line":32,"column":22},"end":{"line":32,"column":23}},"loc":{"start":{"line":32,"column":34},"end":{"line":36,"column":4}},"line":32},"4":{"name":"(anonymous_4)","decl":{"start":{"line":34,"column":22},"end":{"line":34,"column":23}},"loc":{"start":{"line":34,"column":37},"end":{"line":34,"column":61}},"line":34},"5":{"name":"(anonymous_5)","decl":{"start":{"line":52,"column":11},"end":{"line":52,"column":12}},"loc":{"start":{"line":52,"column":17},"end":{"line":62,"column":2}},"line":52},"6":{"name":"(anonymous_6)","decl":{"start":{"line":56,"column":29},"end":{"line":56,"column":30}},"loc":{"start":{"line":56,"column":41},"end":{"line":60,"column":3}},"line":56},"7":{"name":"(anonymous_7)","decl":{"start":{"line":74,"column":6},"end":{"line":74,"column":7}},"loc":{"start":{"line":74,"column":12},"end":{"line":83,"column":6}},"line":74}},"branchMap":{"0":{"loc":{"start":{"line":25,"column":2},"end":{"line":38,"column":3}},"type":"if","locations":[{"start":{"line":25,"column":2},"end":{"line":38,"column":3}},{"start":{},"end":{}}],"line":25},"1":{"loc":{"start":{"line":39,"column":2},"end":{"line":45,"column":3}},"type":"if","locations":[{"start":{"line":39,"column":2},"end":{"line":45,"column":3}},{"start":{"line":42,"column":9},"end":{"line":45,"column":3}}],"line":39},"2":{"loc":{"start":{"line":42,"column":9},"end":{"line":45,"column":3}},"type":"if","locations":[{"start":{"line":42,"column":9},"end":{"line":45,"column":3}},{"start":{},"end":{}}],"line":42}},"s":{"0":12,"1":12,"2":12,"3":4,"4":4,"5":4,"6":4,"7":4,"8":0,"9":0,"10":0,"11":0,"12":0,"13":0,"14":0,"15":0,"16":0,"17":0,"18":4,"19":0,"20":0,"21":4,"22":0,"23":0,"24":12,"25":8,"26":8,"27":8,"28":0,"29":8,"30":12,"31":84},"f":{"0":12,"1":4,"2":0,"3":0,"4":0,"5":8,"6":8,"7":84},"b":{"0":[0,4],"1":[0,4],"2":[0,4]},"_coverageSchema":"1a1c01bbd47fc00a2c39e90264f33305004495a9","hash":"34dd3bfcbe3b5b044fdeab4b9c483e26100150ec"}
,"D:\\School-Work\\Assignment\\1DV613\\jgl-tool\\jungle-tool\\src\\Components\\Button\\Button.jsx": {"path":"D:\\School-Work\\Assignment\\1DV613\\jgl-tool\\jungle-tool\\src\\Components\\Button\\Button.jsx","statementMap":{"0":{"start":{"line":14,"column":15},"end":{"line":20,"column":1}},"1":{"start":{"line":15,"column":1},"end":{"line":19,"column":2}}},"fnMap":{"0":{"name":"(anonymous_0)","decl":{"start":{"line":14,"column":15},"end":{"line":14,"column":16}},"loc":{"start":{"line":14,"column":72},"end":{"line":20,"column":1}},"line":14}},"branchMap":{"0":{"loc":{"start":{"line":17,"column":82},"end":{"line":17,"column":110}},"type":"binary-expr","locations":[{"start":{"line":17,"column":82},"end":{"line":17,"column":94}},{"start":{"line":17,"column":98},"end":{"line":17,"column":110}}],"line":17},"1":{"loc":{"start":{"line":17,"column":126},"end":{"line":17,"column":154}},"type":"binary-expr","locations":[{"start":{"line":17,"column":126},"end":{"line":17,"column":138}},{"start":{"line":17,"column":142},"end":{"line":17,"column":154}}],"line":17}},"s":{"0":1,"1":672},"f":{"0":672},"b":{"0":[672,336],"1":[672,336]},"_coverageSchema":"1a1c01bbd47fc00a2c39e90264f33305004495a9","hash":"2613cff215d4c0a704151b905aa67ccd53fa11fe"}
,"D:\\School-Work\\Assignment\\1DV613\\jgl-tool\\jungle-tool\\src\\Components\\Copied\\Copied.jsx": {"path":"D:\\School-Work\\Assignment\\1DV613\\jgl-tool\\jungle-tool\\src\\Components\\Copied\\Copied.jsx","statementMap":{"0":{"start":{"line":9,"column":15},"end":{"line":18,"column":1}},"1":{"start":{"line":11,"column":26},"end":{"line":11,"column":52}},"2":{"start":{"line":13,"column":1},"end":{"line":17,"column":2}}},"fnMap":{"0":{"name":"(anonymous_0)","decl":{"start":{"line":9,"column":15},"end":{"line":9,"column":16}},"loc":{"start":{"line":9,"column":21},"end":{"line":18,"column":1}},"line":9}},"branchMap":{},"s":{"0":1,"1":12,"2":12},"f":{"0":12},"b":{},"_coverageSchema":"1a1c01bbd47fc00a2c39e90264f33305004495a9","hash":"bd9f224efb9652e1782829d8f95b6f32e56ad764"}
,"D:\\School-Work\\Assignment\\1DV613\\jgl-tool\\jungle-tool\\src\\Components\\DownloadOptions\\DownloadOptions.jsx": {"path":"D:\\School-Work\\Assignment\\1DV613\\jgl-tool\\jungle-tool\\src\\Components\\DownloadOptions\\DownloadOptions.jsx","statementMap":{"0":{"start":{"line":12,"column":24},"end":{"line":18,"column":1}},"1":{"start":{"line":13,"column":1},"end":{"line":17,"column":2}}},"fnMap":{"0":{"name":"(anonymous_0)","decl":{"start":{"line":12,"column":24},"end":{"line":12,"column":25}},"loc":{"start":{"line":12,"column":73},"end":{"line":18,"column":1}},"line":12}},"branchMap":{},"s":{"0":1,"1":84},"f":{"0":84},"b":{},"_coverageSchema":"1a1c01bbd47fc00a2c39e90264f33305004495a9","hash":"364d242966cd6fc2870e35665e16c141a33e6e3a"}
,"D:\\School-Work\\Assignment\\1DV613\\jgl-tool\\jungle-tool\\src\\Components\\ExpDisplay\\ExpDisplay.jsx": {"path":"D:\\School-Work\\Assignment\\1DV613\\jgl-tool\\jungle-tool\\src\\Components\\ExpDisplay\\ExpDisplay.jsx","statementMap":{"0":{"start":{"line":12,"column":19},"end":{"line":80,"column":1}},"1":{"start":{"line":13,"column":70},"end":{"line":13,"column":102}},"2":{"start":{"line":14,"column":49},"end":{"line":14,"column":61}},"3":{"start":{"line":16,"column":1},"end":{"line":40,"column":20}},"4":{"start":{"line":17,"column":2},"end":{"line":36,"column":3}},"5":{"start":{"line":18,"column":21},"end":{"line":18,"column":22}},"6":{"start":{"line":19,"column":20},"end":{"line":19,"column":21}},"7":{"start":{"line":20,"column":22},"end":{"line":20,"column":23}},"8":{"start":{"line":21,"column":3},"end":{"line":34,"column":4}},"9":{"start":{"line":21,"column":16},"end":{"line":21,"column":17}},"10":{"start":{"line":22,"column":4},"end":{"line":22,"column":61}},"11":{"start":{"line":24,"column":4},"end":{"line":26,"column":59}},"12":{"start":{"line":27,"column":4},"end":{"line":27,"column":26}},"13":{"start":{"line":28,"column":4},"end":{"line":30,"column":5}},"14":{"start":{"line":29,"column":5},"end":{"line":29,"column":19}},"15":{"start":{"line":31,"column":4},"end":{"line":31,"column":69}},"16":{"start":{"line":32,"column":4},"end":{"line":32,"column":61}},"17":{"start":{"line":33,"column":4},"end":{"line":33,"column":88}},"18":{"start":{"line":35,"column":3},"end":{"line":35,"column":37}},"19":{"start":{"line":37,"column":2},"end":{"line":39,"column":3}},"20":{"start":{"line":38,"column":3},"end":{"line":38,"column":37}},"21":{"start":{"line":44,"column":1},"end":{"line":79,"column":2}},"22":{"start":{"line":56,"column":6},"end":{"line":62,"column":11}}},"fnMap":{"0":{"name":"(anonymous_0)","decl":{"start":{"line":12,"column":19},"end":{"line":12,"column":20}},"loc":{"start":{"line":12,"column":25},"end":{"line":80,"column":1}},"line":12},"1":{"name":"(anonymous_1)","decl":{"start":{"line":16,"column":11},"end":{"line":16,"column":12}},"loc":{"start":{"line":16,"column":17},"end":{"line":40,"column":2}},"line":16},"2":{"name":"(anonymous_2)","decl":{"start":{"line":55,"column":27},"end":{"line":55,"column":28}},"loc":{"start":{"line":56,"column":6},"end":{"line":62,"column":11}},"line":56}},"branchMap":{"0":{"loc":{"start":{"line":17,"column":2},"end":{"line":36,"column":3}},"type":"if","locations":[{"start":{"line":17,"column":2},"end":{"line":36,"column":3}},{"start":{},"end":{}}],"line":17},"1":{"loc":{"start":{"line":24,"column":4},"end":{"line":26,"column":59}},"type":"cond-expr","locations":[{"start":{"line":25,"column":7},"end":{"line":25,"column":65}},{"start":{"line":26,"column":7},"end":{"line":26,"column":59}}],"line":24},"2":{"loc":{"start":{"line":28,"column":4},"end":{"line":30,"column":5}},"type":"if","locations":[{"start":{"line":28,"column":4},"end":{"line":30,"column":5}},{"start":{},"end":{}}],"line":28},"3":{"loc":{"start":{"line":37,"column":2},"end":{"line":39,"column":3}},"type":"if","locations":[{"start":{"line":37,"column":2},"end":{"line":39,"column":3}},{"start":{},"end":{}}],"line":37}},"s":{"0":1,"1":84,"2":84,"3":84,"4":40,"5":32,"6":32,"7":32,"8":32,"9":32,"10":216,"11":216,"12":216,"13":216,"14":90,"15":216,"16":216,"17":216,"18":32,"19":40,"20":8,"21":84,"22":432},"f":{"0":84,"1":40,"2":432},"b":{"0":[32,8],"1":[32,184],"2":[90,126],"3":[8,32]},"_coverageSchema":"1a1c01bbd47fc00a2c39e90264f33305004495a9","hash":"b2dc45aa969210a5ecc0707b011db961282c95ae"}
,"D:\\School-Work\\Assignment\\1DV613\\jgl-tool\\jungle-tool\\src\\Components\\ExportOptions\\ExportOptions.jsx": {"path":"D:\\School-Work\\Assignment\\1DV613\\jgl-tool\\jungle-tool\\src\\Components\\ExportOptions\\ExportOptions.jsx","statementMap":{"0":{"start":{"line":15,"column":22},"end":{"line":33,"column":1}},"1":{"start":{"line":17,"column":32},"end":{"line":17,"column":58}},"2":{"start":{"line":19,"column":1},"end":{"line":32,"column":2}}},"fnMap":{"0":{"name":"(anonymous_0)","decl":{"start":{"line":15,"column":22},"end":{"line":15,"column":23}},"loc":{"start":{"line":15,"column":77},"end":{"line":33,"column":1}},"line":15}},"branchMap":{},"s":{"0":1,"1":84,"2":84},"f":{"0":84},"b":{},"_coverageSchema":"1a1c01bbd47fc00a2c39e90264f33305004495a9","hash":"477880c988b779ae33e7a90639490ce95541655c"}
,"D:\\School-Work\\Assignment\\1DV613\\jgl-tool\\jungle-tool\\src\\Components\\Footer\\Footer.jsx": {"path":"D:\\School-Work\\Assignment\\1DV613\\jgl-tool\\jungle-tool\\src\\Components\\Footer\\Footer.jsx","statementMap":{"0":{"start":{"line":8,"column":15},"end":{"line":15,"column":1}},"1":{"start":{"line":9,"column":1},"end":{"line":14,"column":2}}},"fnMap":{"0":{"name":"(anonymous_0)","decl":{"start":{"line":8,"column":15},"end":{"line":8,"column":16}},"loc":{"start":{"line":8,"column":21},"end":{"line":15,"column":1}},"line":8}},"branchMap":{},"s":{"0":1,"1":12},"f":{"0":12},"b":{},"_coverageSchema":"1a1c01bbd47fc00a2c39e90264f33305004495a9","hash":"66f123bade808fd67b0b60b6c79d0a0ce352f742"}
,"D:\\School-Work\\Assignment\\1DV613\\jgl-tool\\jungle-tool\\src\\Components\\ImportOptions\\ImportOptions.jsx": {"path":"D:\\School-Work\\Assignment\\1DV613\\jgl-tool\\jungle-tool\\src\\Components\\ImportOptions\\ImportOptions.jsx","statementMap":{"0":{"start":{"line":15,"column":22},"end":{"line":33,"column":1}},"1":{"start":{"line":17,"column":24},"end":{"line":17,"column":50}},"2":{"start":{"line":19,"column":1},"end":{"line":32,"column":2}}},"fnMap":{"0":{"name":"(anonymous_0)","decl":{"start":{"line":15,"column":22},"end":{"line":15,"column":23}},"loc":{"start":{"line":15,"column":77},"end":{"line":33,"column":1}},"line":15}},"branchMap":{},"s":{"0":1,"1":84,"2":84},"f":{"0":84},"b":{},"_coverageSchema":"1a1c01bbd47fc00a2c39e90264f33305004495a9","hash":"521d3b621b8c4e28360f7dfecc6c5201d5206636"}
,"D:\\School-Work\\Assignment\\1DV613\\jgl-tool\\jungle-tool\\src\\Components\\JsonImportDisplay\\JsonImportDisplay.jsx": {"path":"D:\\School-Work\\Assignment\\1DV613\\jgl-tool\\jungle-tool\\src\\Components\\JsonImportDisplay\\JsonImportDisplay.jsx","statementMap":{"0":{"start":{"line":10,"column":26},"end":{"line":28,"column":1}},"1":{"start":{"line":11,"column":68},"end":{"line":11,"column":94}},"2":{"start":{"line":12,"column":1},"end":{"line":27,"column":2}},"3":{"start":{"line":14,"column":68},"end":{"line":14,"column":94}},"4":{"start":{"line":15,"column":47},"end":{"line":15,"column":66}},"5":{"start":{"line":18,"column":53},"end":{"line":18,"column":79}},"6":{"start":{"line":20,"column":23},"end":{"line":20,"column":64}},"7":{"start":{"line":21,"column":6},"end":{"line":21,"column":38}}},"fnMap":{"0":{"name":"(anonymous_0)","decl":{"start":{"line":10,"column":26},"end":{"line":10,"column":27}},"loc":{"start":{"line":10,"column":32},"end":{"line":28,"column":1}},"line":10},"1":{"name":"(anonymous_1)","decl":{"start":{"line":14,"column":62},"end":{"line":14,"column":63}},"loc":{"start":{"line":14,"column":68},"end":{"line":14,"column":94}},"line":14},"2":{"name":"(anonymous_2)","decl":{"start":{"line":15,"column":40},"end":{"line":15,"column":41}},"loc":{"start":{"line":15,"column":47},"end":{"line":15,"column":66}},"line":15},"3":{"name":"(anonymous_3)","decl":{"start":{"line":18,"column":47},"end":{"line":18,"column":48}},"loc":{"start":{"line":18,"column":53},"end":{"line":18,"column":79}},"line":18},"4":{"name":"(anonymous_4)","decl":{"start":{"line":19,"column":73},"end":{"line":19,"column":74}},"loc":{"start":{"line":19,"column":79},"end":{"line":22,"column":6}},"line":19}},"branchMap":{"0":{"loc":{"start":{"line":14,"column":4},"end":{"line":24,"column":9}},"type":"binary-expr","locations":[{"start":{"line":14,"column":4},"end":{"line":14,"column":20}},{"start":{"line":14,"column":24},"end":{"line":24,"column":9}}],"line":14}},"s":{"0":1,"1":12,"2":12,"3":0,"4":0,"5":0,"6":0,"7":0},"f":{"0":12,"1":0,"2":0,"3":0,"4":0},"b":{"0":[12,0]},"_coverageSchema":"1a1c01bbd47fc00a2c39e90264f33305004495a9","hash":"aedd2392f8e2ad767d8e90a10f4ce27f3b208fd4"}
,"D:\\School-Work\\Assignment\\1DV613\\jgl-tool\\jungle-tool\\src\\Components\\JungleCamp\\JungleCamp.jsx": {"path":"D:\\School-Work\\Assignment\\1DV613\\jgl-tool\\jungle-tool\\src\\Components\\JungleCamp\\JungleCamp.jsx","statementMap":{"0":{"start":{"line":14,"column":19},"end":{"line":59,"column":1}},"1":{"start":{"line":16,"column":76},"end":{"line":16,"column":108}},"2":{"start":{"line":17,"column":41},"end":{"line":17,"column":56}},"3":{"start":{"line":18,"column":41},"end":{"line":18,"column":55}},"4":{"start":{"line":19,"column":47},"end":{"line":19,"column":61}},"5":{"start":{"line":21,"column":23},"end":{"line":21,"column":47}},"6":{"start":{"line":22,"column":18},"end":{"line":22,"column":53}},"7":{"start":{"line":23,"column":1},"end":{"line":31,"column":16}},"8":{"start":{"line":24,"column":2},"end":{"line":30,"column":3}},"9":{"start":{"line":25,"column":3},"end":{"line":25,"column":30}},"10":{"start":{"line":26,"column":3},"end":{"line":26,"column":37}},"11":{"start":{"line":27,"column":9},"end":{"line":30,"column":3}},"12":{"start":{"line":28,"column":3},"end":{"line":28,"column":36}},"13":{"start":{"line":29,"column":3},"end":{"line":29,"column":42}},"14":{"start":{"line":33,"column":1},"end":{"line":39,"column":19}},"15":{"start":{"line":34,"column":2},"end":{"line":38,"column":3}},"16":{"start":{"line":35,"column":3},"end":{"line":35,"column":25}},"17":{"start":{"line":36,"column":3},"end":{"line":36,"column":24}},"18":{"start":{"line":37,"column":3},"end":{"line":37,"column":27}},"19":{"start":{"line":41,"column":1},"end":{"line":58,"column":2}},"20":{"start":{"line":44,"column":4},"end":{"line":52,"column":5}},"21":{"start":{"line":45,"column":5},"end":{"line":45,"column":26}},"22":{"start":{"line":46,"column":5},"end":{"line":46,"column":45}},"23":{"start":{"line":47,"column":5},"end":{"line":47,"column":30}},"24":{"start":{"line":49,"column":5},"end":{"line":49,"column":27}},"25":{"start":{"line":50,"column":5},"end":{"line":50,"column":29}},"26":{"start":{"line":51,"column":5},"end":{"line":51,"column":35}}},"fnMap":{"0":{"name":"(anonymous_0)","decl":{"start":{"line":14,"column":19},"end":{"line":14,"column":20}},"loc":{"start":{"line":14,"column":57},"end":{"line":59,"column":1}},"line":14},"1":{"name":"(anonymous_1)","decl":{"start":{"line":23,"column":11},"end":{"line":23,"column":12}},"loc":{"start":{"line":23,"column":17},"end":{"line":31,"column":2}},"line":23},"2":{"name":"(anonymous_2)","decl":{"start":{"line":33,"column":11},"end":{"line":33,"column":12}},"loc":{"start":{"line":33,"column":17},"end":{"line":39,"column":2}},"line":33},"3":{"name":"(anonymous_3)","decl":{"start":{"line":43,"column":143},"end":{"line":43,"column":144}},"loc":{"start":{"line":43,"column":150},"end":{"line":53,"column":4}},"line":43}},"branchMap":{"0":{"loc":{"start":{"line":24,"column":2},"end":{"line":30,"column":3}},"type":"if","locations":[{"start":{"line":24,"column":2},"end":{"line":30,"column":3}},{"start":{"line":27,"column":9},"end":{"line":30,"column":3}}],"line":24},"1":{"loc":{"start":{"line":24,"column":6},"end":{"line":24,"column":86}},"type":"binary-expr","locations":[{"start":{"line":24,"column":6},"end":{"line":24,"column":27}},{"start":{"line":24,"column":31},"end":{"line":24,"column":86}}],"line":24},"2":{"loc":{"start":{"line":27,"column":9},"end":{"line":30,"column":3}},"type":"if","locations":[{"start":{"line":27,"column":9},"end":{"line":30,"column":3}},{"start":{},"end":{}}],"line":27},"3":{"loc":{"start":{"line":27,"column":13},"end":{"line":27,"column":84}},"type":"binary-expr","locations":[{"start":{"line":27,"column":13},"end":{"line":27,"column":34}},{"start":{"line":27,"column":38},"end":{"line":27,"column":84}}],"line":27},"4":{"loc":{"start":{"line":34,"column":2},"end":{"line":38,"column":3}},"type":"if","locations":[{"start":{"line":34,"column":2},"end":{"line":38,"column":3}},{"start":{},"end":{}}],"line":34},"5":{"loc":{"start":{"line":44,"column":4},"end":{"line":52,"column":5}},"type":"if","locations":[{"start":{"line":44,"column":4},"end":{"line":52,"column":5}},{"start":{"line":48,"column":11},"end":{"line":52,"column":5}}],"line":44},"6":{"loc":{"start":{"line":54,"column":5},"end":{"line":54,"column":86}},"type":"binary-expr","locations":[{"start":{"line":54,"column":5},"end":{"line":54,"column":17}},{"start":{"line":54,"column":21},"end":{"line":54,"column":86}}],"line":54}},"s":{"0":2,"1":1470,"2":1470,"3":1470,"4":1470,"5":1470,"6":1470,"7":1470,"8":707,"9":41,"10":41,"11":666,"12":47,"13":47,"14":1470,"15":707,"16":187,"17":187,"18":187,"19":1470,"20":69,"21":53,"22":53,"23":53,"24":16,"25":16,"26":16},"f":{"0":1470,"1":707,"2":707,"3":69},"b":{"0":[41,666],"1":[707,283],"2":[47,619],"3":[666,242],"4":[187,520],"5":[53,16],"6":[1470,534]},"_coverageSchema":"1a1c01bbd47fc00a2c39e90264f33305004495a9","hash":"fa41aea5f338caabf5f93cfa9c61715024b3babd"}
,"D:\\School-Work\\Assignment\\1DV613\\jgl-tool\\jungle-tool\\src\\Components\\Map\\Map.jsx": {"path":"D:\\School-Work\\Assignment\\1DV613\\jgl-tool\\jungle-tool\\src\\Components\\Map\\Map.jsx","statementMap":{"0":{"start":{"line":15,"column":12},"end":{"line":63,"column":1}},"1":{"start":{"line":17,"column":21},"end":{"line":17,"column":47}},"2":{"start":{"line":19,"column":1},"end":{"line":26,"column":15}},"3":{"start":{"line":20,"column":2},"end":{"line":25,"column":3}},"4":{"start":{"line":21,"column":18},"end":{"line":21,"column":39}},"5":{"start":{"line":22,"column":18},"end":{"line":22,"column":20}},"6":{"start":{"line":23,"column":3},"end":{"line":23,"column":31}},"7":{"start":{"line":24,"column":3},"end":{"line":24,"column":23}},"8":{"start":{"line":32,"column":20},"end":{"line":43,"column":2}},"9":{"start":{"line":33,"column":19},"end":{"line":33,"column":64}},"10":{"start":{"line":34,"column":2},"end":{"line":38,"column":3}},"11":{"start":{"line":35,"column":3},"end":{"line":37,"column":4}},"12":{"start":{"line":36,"column":4},"end":{"line":36,"column":26}},"13":{"start":{"line":39,"column":2},"end":{"line":42,"column":3}},"14":{"start":{"line":40,"column":18},"end":{"line":40,"column":50}},"15":{"start":{"line":41,"column":3},"end":{"line":41,"column":23}},"16":{"start":{"line":45,"column":1},"end":{"line":62,"column":2}},"17":{"start":{"line":48,"column":4},"end":{"line":59,"column":10}},"18":{"start":{"line":52,"column":6},"end":{"line":57,"column":8}}},"fnMap":{"0":{"name":"(anonymous_0)","decl":{"start":{"line":15,"column":12},"end":{"line":15,"column":13}},"loc":{"start":{"line":15,"column":18},"end":{"line":63,"column":1}},"line":15},"1":{"name":"(anonymous_1)","decl":{"start":{"line":19,"column":11},"end":{"line":19,"column":12}},"loc":{"start":{"line":19,"column":17},"end":{"line":26,"column":2}},"line":19},"2":{"name":"(anonymous_2)","decl":{"start":{"line":32,"column":20},"end":{"line":32,"column":21}},"loc":{"start":{"line":32,"column":37},"end":{"line":43,"column":2}},"line":32},"3":{"name":"(anonymous_3)","decl":{"start":{"line":47,"column":4},"end":{"line":47,"column":5}},"loc":{"start":{"line":48,"column":4},"end":{"line":59,"column":10}},"line":48},"4":{"name":"(anonymous_4)","decl":{"start":{"line":51,"column":16},"end":{"line":51,"column":17}},"loc":{"start":{"line":52,"column":6},"end":{"line":57,"column":8}},"line":52}},"branchMap":{"0":{"loc":{"start":{"line":20,"column":2},"end":{"line":25,"column":3}},"type":"if","locations":[{"start":{"line":20,"column":2},"end":{"line":25,"column":3}},{"start":{},"end":{}}],"line":20},"1":{"loc":{"start":{"line":35,"column":3},"end":{"line":37,"column":4}},"type":"if","locations":[{"start":{"line":35,"column":3},"end":{"line":37,"column":4}},{"start":{},"end":{}}],"line":35}},"s":{"0":2,"1":87,"2":87,"3":7,"4":0,"5":0,"6":0,"7":0,"8":87,"9":0,"10":0,"11":0,"12":0,"13":0,"14":0,"15":0,"16":87,"17":100,"18":1400},"f":{"0":87,"1":7,"2":0,"3":100,"4":1400},"b":{"0":[0,7],"1":[0,0]},"_coverageSchema":"1a1c01bbd47fc00a2c39e90264f33305004495a9","hash":"738eefed02ba5a008b32b0733fb596c2731261b0"}
,"D:\\School-Work\\Assignment\\1DV613\\jgl-tool\\jungle-tool\\src\\Components\\ResetButton\\ResetButton.jsx": {"path":"D:\\School-Work\\Assignment\\1DV613\\jgl-tool\\jungle-tool\\src\\Components\\ResetButton\\ResetButton.jsx","statementMap":{"0":{"start":{"line":10,"column":20},"end":{"line":17,"column":1}},"1":{"start":{"line":12,"column":22},"end":{"line":12,"column":54}},"2":{"start":{"line":14,"column":1},"end":{"line":16,"column":2}}},"fnMap":{"0":{"name":"(anonymous_0)","decl":{"start":{"line":10,"column":20},"end":{"line":10,"column":21}},"loc":{"start":{"line":10,"column":26},"end":{"line":17,"column":1}},"line":10}},"branchMap":{},"s":{"0":2,"1":100,"2":100},"f":{"0":100},"b":{},"_coverageSchema":"1a1c01bbd47fc00a2c39e90264f33305004495a9","hash":"cd4225c1b67953a1bfafd40f806a126ca12c5fac"}
,"D:\\School-Work\\Assignment\\1DV613\\jgl-tool\\jungle-tool\\src\\Components\\SelectChamp\\SelectChamp.jsx": {"path":"D:\\School-Work\\Assignment\\1DV613\\jgl-tool\\jungle-tool\\src\\Components\\SelectChamp\\SelectChamp.jsx","statementMap":{"0":{"start":{"line":12,"column":20},"end":{"line":106,"column":1}},"1":{"start":{"line":14,"column":51},"end":{"line":14,"column":83}},"2":{"start":{"line":15,"column":27},"end":{"line":15,"column":39}},"3":{"start":{"line":16,"column":31},"end":{"line":16,"column":43}},"4":{"start":{"line":17,"column":21},"end":{"line":17,"column":47}},"5":{"start":{"line":23,"column":21},"end":{"line":32,"column":2}},"6":{"start":{"line":24,"column":16},"end":{"line":24,"column":34}},"7":{"start":{"line":25,"column":23},"end":{"line":25,"column":42}},"8":{"start":{"line":27,"column":18},"end":{"line":29,"column":3}},"9":{"start":{"line":28,"column":3},"end":{"line":28,"column":81}},"10":{"start":{"line":30,"column":2},"end":{"line":30,"column":17}},"11":{"start":{"line":31,"column":2},"end":{"line":31,"column":21}},"12":{"start":{"line":35,"column":1},"end":{"line":48,"column":15}},"13":{"start":{"line":36,"column":2},"end":{"line":47,"column":3}},"14":{"start":{"line":37,"column":3},"end":{"line":46,"column":4}},"15":{"start":{"line":38,"column":21},"end":{"line":38,"column":51}},"16":{"start":{"line":39,"column":4},"end":{"line":39,"column":34}},"17":{"start":{"line":40,"column":10},"end":{"line":46,"column":4}},"18":{"start":{"line":41,"column":21},"end":{"line":41,"column":23}},"19":{"start":{"line":42,"column":4},"end":{"line":42,"column":37}},"20":{"start":{"line":43,"column":4},"end":{"line":43,"column":34}},"21":{"start":{"line":45,"column":4},"end":{"line":45,"column":28}},"22":{"start":{"line":55,"column":18},"end":{"line":57,"column":2}},"23":{"start":{"line":56,"column":2},"end":{"line":56,"column":96}},"24":{"start":{"line":56,"column":56},"end":{"line":56,"column":94}},"25":{"start":{"line":63,"column":17},"end":{"line":69,"column":2}},"26":{"start":{"line":64,"column":20},"end":{"line":64,"column":35}},"27":{"start":{"line":65,"column":2},"end":{"line":67,"column":3}},"28":{"start":{"line":66,"column":3},"end":{"line":66,"column":58}},"29":{"start":{"line":68,"column":2},"end":{"line":68,"column":16}},"30":{"start":{"line":75,"column":20},"end":{"line":79,"column":2}},"31":{"start":{"line":76,"column":2},"end":{"line":78,"column":9}},"32":{"start":{"line":77,"column":3},"end":{"line":77,"column":17}},"33":{"start":{"line":81,"column":1},"end":{"line":105,"column":2}},"34":{"start":{"line":85,"column":5},"end":{"line":85,"column":131}},"35":{"start":{"line":90,"column":53},"end":{"line":90,"column":77}},"36":{"start":{"line":95,"column":8},"end":{"line":98,"column":13}},"37":{"start":{"line":95,"column":79},"end":{"line":95,"column":96}}},"fnMap":{"0":{"name":"(anonymous_0)","decl":{"start":{"line":12,"column":20},"end":{"line":12,"column":21}},"loc":{"start":{"line":12,"column":26},"end":{"line":106,"column":1}},"line":12},"1":{"name":"(anonymous_1)","decl":{"start":{"line":23,"column":21},"end":{"line":23,"column":22}},"loc":{"start":{"line":23,"column":32},"end":{"line":32,"column":2}},"line":23},"2":{"name":"(anonymous_2)","decl":{"start":{"line":27,"column":39},"end":{"line":27,"column":40}},"loc":{"start":{"line":28,"column":3},"end":{"line":28,"column":81}},"line":28},"3":{"name":"(anonymous_3)","decl":{"start":{"line":35,"column":11},"end":{"line":35,"column":12}},"loc":{"start":{"line":35,"column":17},"end":{"line":48,"column":2}},"line":35},"4":{"name":"(anonymous_4)","decl":{"start":{"line":55,"column":18},"end":{"line":55,"column":19}},"loc":{"start":{"line":55,"column":29},"end":{"line":57,"column":2}},"line":55},"5":{"name":"(anonymous_5)","decl":{"start":{"line":56,"column":48},"end":{"line":56,"column":49}},"loc":{"start":{"line":56,"column":56},"end":{"line":56,"column":94}},"line":56},"6":{"name":"(anonymous_6)","decl":{"start":{"line":63,"column":17},"end":{"line":63,"column":18}},"loc":{"start":{"line":63,"column":24},"end":{"line":69,"column":2}},"line":63},"7":{"name":"(anonymous_7)","decl":{"start":{"line":75,"column":20},"end":{"line":75,"column":21}},"loc":{"start":{"line":75,"column":26},"end":{"line":79,"column":2}},"line":75},"8":{"name":"(anonymous_8)","decl":{"start":{"line":76,"column":13},"end":{"line":76,"column":14}},"loc":{"start":{"line":76,"column":19},"end":{"line":78,"column":3}},"line":76},"9":{"name":"(anonymous_9)","decl":{"start":{"line":84,"column":59},"end":{"line":84,"column":60}},"loc":{"start":{"line":85,"column":5},"end":{"line":85,"column":131}},"line":85},"10":{"name":"(anonymous_10)","decl":{"start":{"line":90,"column":45},"end":{"line":90,"column":46}},"loc":{"start":{"line":90,"column":51},"end":{"line":90,"column":79}},"line":90},"11":{"name":"(anonymous_11)","decl":{"start":{"line":94,"column":20},"end":{"line":94,"column":21}},"loc":{"start":{"line":95,"column":8},"end":{"line":98,"column":13}},"line":95},"12":{"name":"(anonymous_12)","decl":{"start":{"line":95,"column":70},"end":{"line":95,"column":71}},"loc":{"start":{"line":95,"column":77},"end":{"line":95,"column":98}},"line":95}},"branchMap":{"0":{"loc":{"start":{"line":28,"column":3},"end":{"line":28,"column":81}},"type":"binary-expr","locations":[{"start":{"line":28,"column":3},"end":{"line":28,"column":44}},{"start":{"line":28,"column":48},"end":{"line":28,"column":81}}],"line":28},"1":{"loc":{"start":{"line":36,"column":2},"end":{"line":47,"column":3}},"type":"if","locations":[{"start":{"line":36,"column":2},"end":{"line":47,"column":3}},{"start":{},"end":{}}],"line":36},"2":{"loc":{"start":{"line":37,"column":3},"end":{"line":46,"column":4}},"type":"if","locations":[{"start":{"line":37,"column":3},"end":{"line":46,"column":4}},{"start":{"line":40,"column":10},"end":{"line":46,"column":4}}],"line":37},"3":{"loc":{"start":{"line":40,"column":10},"end":{"line":46,"column":4}},"type":"if","locations":[{"start":{"line":40,"column":10},"end":{"line":46,"column":4}},{"start":{"line":44,"column":10},"end":{"line":46,"column":4}}],"line":40},"4":{"loc":{"start":{"line":65,"column":2},"end":{"line":67,"column":3}},"type":"if","locations":[{"start":{"line":65,"column":2},"end":{"line":67,"column":3}},{"start":{},"end":{}}],"line":65},"5":{"loc":{"start":{"line":84,"column":5},"end":{"line":86,"column":6}},"type":"binary-expr","locations":[{"start":{"line":84,"column":5},"end":{"line":84,"column":33}},{"start":{"line":84,"column":37},"end":{"line":86,"column":6}}],"line":84},"6":{"loc":{"start":{"line":91,"column":5},"end":{"line":102,"column":5}},"type":"binary-expr","locations":[{"start":{"line":91,"column":5},"end":{"line":91,"column":23}},{"start":{"line":92,"column":5},"end":{"line":101,"column":11}}],"line":91}},"s":{"0":1,"1":84,"2":84,"3":84,"4":84,"5":84,"6":0,"7":0,"8":0,"9":0,"10":0,"11":0,"12":84,"13":4,"14":0,"15":0,"16":0,"17":0,"18":0,"19":0,"20":0,"21":0,"22":84,"23":0,"24":0,"25":84,"26":0,"27":0,"28":0,"29":0,"30":84,"31":0,"32":0,"33":84,"34":0,"35":0,"36":0,"37":0},"f":{"0":84,"1":0,"2":0,"3":4,"4":0,"5":0,"6":0,"7":0,"8":0,"9":0,"10":0,"11":0,"12":0},"b":{"0":[0,0],"1":[0,4],"2":[0,0],"3":[0,0],"4":[0,0],"5":[84,0],"6":[84,0]},"_coverageSchema":"1a1c01bbd47fc00a2c39e90264f33305004495a9","hash":"61c5f7b466471f92164033e11a2556f03ada5888"}
,"D:\\School-Work\\Assignment\\1DV613\\jgl-tool\\jungle-tool\\src\\Components\\SideBar\\SideBar.jsx": {"path":"D:\\School-Work\\Assignment\\1DV613\\jgl-tool\\jungle-tool\\src\\Components\\SideBar\\SideBar.jsx","statementMap":{"0":{"start":{"line":14,"column":16},"end":{"line":67,"column":1}},"1":{"start":{"line":15,"column":26},"end":{"line":15,"column":58}},"2":{"start":{"line":16,"column":188},"end":{"line":16,"column":214}},"3":{"start":{"line":19,"column":59},"end":{"line":19,"column":74}},"4":{"start":{"line":21,"column":1},"end":{"line":66,"column":2}},"5":{"start":{"line":26,"column":6},"end":{"line":61,"column":9}},"6":{"start":{"line":32,"column":9},"end":{"line":32,"column":34}},"7":{"start":{"line":35,"column":9},"end":{"line":35,"column":33}},"8":{"start":{"line":41,"column":9},"end":{"line":49,"column":10}},"9":{"start":{"line":42,"column":10},"end":{"line":42,"column":75}},"10":{"start":{"line":43,"column":10},"end":{"line":43,"column":31}},"11":{"start":{"line":44,"column":10},"end":{"line":46,"column":18}},"12":{"start":{"line":45,"column":11},"end":{"line":45,"column":33}},"13":{"start":{"line":48,"column":10},"end":{"line":48,"column":29}},"14":{"start":{"line":53,"column":28},"end":{"line":53,"column":58}},"15":{"start":{"line":54,"column":28},"end":{"line":54,"column":59}},"16":{"start":{"line":58,"column":28},"end":{"line":58,"column":58}},"17":{"start":{"line":59,"column":28},"end":{"line":59,"column":59}}},"fnMap":{"0":{"name":"(anonymous_0)","decl":{"start":{"line":14,"column":16},"end":{"line":14,"column":17}},"loc":{"start":{"line":14,"column":22},"end":{"line":67,"column":1}},"line":14},"1":{"name":"(anonymous_1)","decl":{"start":{"line":25,"column":6},"end":{"line":25,"column":7}},"loc":{"start":{"line":25,"column":12},"end":{"line":62,"column":6}},"line":25},"2":{"name":"(anonymous_2)","decl":{"start":{"line":31,"column":19},"end":{"line":31,"column":20}},"loc":{"start":{"line":31,"column":25},"end":{"line":33,"column":9}},"line":31},"3":{"name":"(anonymous_3)","decl":{"start":{"line":34,"column":18},"end":{"line":34,"column":19}},"loc":{"start":{"line":34,"column":24},"end":{"line":36,"column":9}},"line":34},"4":{"name":"(anonymous_4)","decl":{"start":{"line":40,"column":19},"end":{"line":40,"column":20}},"loc":{"start":{"line":40,"column":31},"end":{"line":50,"column":9}},"line":40},"5":{"name":"(anonymous_5)","decl":{"start":{"line":44,"column":21},"end":{"line":44,"column":22}},"loc":{"start":{"line":44,"column":27},"end":{"line":46,"column":11}},"line":44},"6":{"name":"(anonymous_6)","decl":{"start":{"line":53,"column":22},"end":{"line":53,"column":23}},"loc":{"start":{"line":53,"column":28},"end":{"line":53,"column":58}},"line":53},"7":{"name":"(anonymous_7)","decl":{"start":{"line":54,"column":22},"end":{"line":54,"column":23}},"loc":{"start":{"line":54,"column":28},"end":{"line":54,"column":59}},"line":54},"8":{"name":"(anonymous_8)","decl":{"start":{"line":58,"column":22},"end":{"line":58,"column":23}},"loc":{"start":{"line":58,"column":28},"end":{"line":58,"column":58}},"line":58},"9":{"name":"(anonymous_9)","decl":{"start":{"line":59,"column":22},"end":{"line":59,"column":23}},"loc":{"start":{"line":59,"column":28},"end":{"line":59,"column":59}},"line":59}},"branchMap":{},"s":{"0":1,"1":84,"2":84,"3":84,"4":84,"5":84,"6":0,"7":0,"8":0,"9":0,"10":0,"11":0,"12":0,"13":0,"14":0,"15":0,"16":0,"17":0},"f":{"0":84,"1":84,"2":0,"3":0,"4":0,"5":0,"6":0,"7":0,"8":0,"9":0},"b":{},"_coverageSchema":"1a1c01bbd47fc00a2c39e90264f33305004495a9","hash":"878440ab17ca2c92079abc9cd4c20b0dec55f813"}
,"D:\\School-Work\\Assignment\\1DV613\\jgl-tool\\jungle-tool\\src\\Components\\SideSelect\\SideSelect.jsx": {"path":"D:\\School-Work\\Assignment\\1DV613\\jgl-tool\\jungle-tool\\src\\Components\\SideSelect\\SideSelect.jsx","statementMap":{"0":{"start":{"line":10,"column":19},"end":{"line":111,"column":1}},"1":{"start":{"line":12,"column":41},"end":{"line":12,"column":73}},"2":{"start":{"line":13,"column":23},"end":{"line":13,"column":49}},"3":{"start":{"line":14,"column":31},"end":{"line":14,"column":45}},"4":{"start":{"line":15,"column":29},"end":{"line":15,"column":43}},"5":{"start":{"line":21,"column":23},"end":{"line":63,"column":2}},"6":{"start":{"line":22,"column":20},"end":{"line":22,"column":34}},"7":{"start":{"line":23,"column":2},"end":{"line":42,"column":3}},"8":{"start":{"line":24,"column":18},"end":{"line":24,"column":51}},"9":{"start":{"line":25,"column":3},"end":{"line":41,"column":4}},"10":{"start":{"line":26,"column":4},"end":{"line":37,"column":5}},"11":{"start":{"line":27,"column":5},"end":{"line":27,"column":21}},"12":{"start":{"line":30,"column":5},"end":{"line":36,"column":6}},"13":{"start":{"line":31,"column":6},"end":{"line":31,"column":23}},"14":{"start":{"line":32,"column":6},"end":{"line":32,"column":28}},"15":{"start":{"line":34,"column":6},"end":{"line":34,"column":22}},"16":{"start":{"line":35,"column":6},"end":{"line":35,"column":28}},"17":{"start":{"line":39,"column":4},"end":{"line":39,"column":20}},"18":{"start":{"line":40,"column":4},"end":{"line":40,"column":26}},"19":{"start":{"line":43,"column":2},"end":{"line":62,"column":3}},"20":{"start":{"line":44,"column":19},"end":{"line":44,"column":53}},"21":{"start":{"line":45,"column":3},"end":{"line":61,"column":4}},"22":{"start":{"line":46,"column":4},"end":{"line":57,"column":5}},"23":{"start":{"line":47,"column":5},"end":{"line":47,"column":20}},"24":{"start":{"line":50,"column":5},"end":{"line":56,"column":6}},"25":{"start":{"line":51,"column":6},"end":{"line":51,"column":22}},"26":{"start":{"line":52,"column":6},"end":{"line":52,"column":29}},"27":{"start":{"line":54,"column":6},"end":{"line":54,"column":21}},"28":{"start":{"line":55,"column":6},"end":{"line":55,"column":28}},"29":{"start":{"line":59,"column":4},"end":{"line":59,"column":19}},"30":{"start":{"line":60,"column":4},"end":{"line":60,"column":26}},"31":{"start":{"line":65,"column":1},"end":{"line":69,"column":15}},"32":{"start":{"line":66,"column":2},"end":{"line":68,"column":3}},"33":{"start":{"line":67,"column":3},"end":{"line":67,"column":44}},"34":{"start":{"line":71,"column":1},"end":{"line":82,"column":18}},"35":{"start":{"line":72,"column":2},"end":{"line":81,"column":3}},"36":{"start":{"line":73,"column":3},"end":{"line":73,"column":19}},"37":{"start":{"line":74,"column":3},"end":{"line":74,"column":18}},"38":{"start":{"line":75,"column":9},"end":{"line":81,"column":3}},"39":{"start":{"line":76,"column":3},"end":{"line":76,"column":20}},"40":{"start":{"line":77,"column":3},"end":{"line":77,"column":18}},"41":{"start":{"line":78,"column":9},"end":{"line":81,"column":3}},"42":{"start":{"line":79,"column":3},"end":{"line":79,"column":19}},"43":{"start":{"line":80,"column":3},"end":{"line":80,"column":19}},"44":{"start":{"line":84,"column":1},"end":{"line":110,"column":2}},"45":{"start":{"line":94,"column":22},"end":{"line":94,"column":45}},"46":{"start":{"line":104,"column":22},"end":{"line":104,"column":45}}},"fnMap":{"0":{"name":"(anonymous_0)","decl":{"start":{"line":10,"column":19},"end":{"line":10,"column":20}},"loc":{"start":{"line":10,"column":25},"end":{"line":111,"column":1}},"line":10},"1":{"name":"(anonymous_1)","decl":{"start":{"line":21,"column":23},"end":{"line":21,"column":24}},"loc":{"start":{"line":21,"column":35},"end":{"line":63,"column":2}},"line":21},"2":{"name":"(anonymous_2)","decl":{"start":{"line":65,"column":11},"end":{"line":65,"column":12}},"loc":{"start":{"line":65,"column":17},"end":{"line":69,"column":2}},"line":65},"3":{"name":"(anonymous_3)","decl":{"start":{"line":71,"column":11},"end":{"line":71,"column":12}},"loc":{"start":{"line":71,"column":17},"end":{"line":82,"column":2}},"line":71},"4":{"name":"(anonymous_4)","decl":{"start":{"line":94,"column":15},"end":{"line":94,"column":16}},"loc":{"start":{"line":94,"column":22},"end":{"line":94,"column":45}},"line":94},"5":{"name":"(anonymous_5)","decl":{"start":{"line":104,"column":15},"end":{"line":104,"column":16}},"loc":{"start":{"line":104,"column":22},"end":{"line":104,"column":45}},"line":104}},"branchMap":{"0":{"loc":{"start":{"line":23,"column":2},"end":{"line":42,"column":3}},"type":"if","locations":[{"start":{"line":23,"column":2},"end":{"line":42,"column":3}},{"start":{},"end":{}}],"line":23},"1":{"loc":{"start":{"line":25,"column":3},"end":{"line":41,"column":4}},"type":"if","locations":[{"start":{"line":25,"column":3},"end":{"line":41,"column":4}},{"start":{"line":38,"column":10},"end":{"line":41,"column":4}}],"line":25},"2":{"loc":{"start":{"line":26,"column":4},"end":{"line":37,"column":5}},"type":"if","locations":[{"start":{"line":26,"column":4},"end":{"line":37,"column":5}},{"start":{"line":29,"column":9},"end":{"line":37,"column":5}}],"line":26},"3":{"loc":{"start":{"line":30,"column":5},"end":{"line":36,"column":6}},"type":"if","locations":[{"start":{"line":30,"column":5},"end":{"line":36,"column":6}},{"start":{"line":33,"column":12},"end":{"line":36,"column":6}}],"line":30},"4":{"loc":{"start":{"line":43,"column":2},"end":{"line":62,"column":3}},"type":"if","locations":[{"start":{"line":43,"column":2},"end":{"line":62,"column":3}},{"start":{},"end":{}}],"line":43},"5":{"loc":{"start":{"line":45,"column":3},"end":{"line":61,"column":4}},"type":"if","locations":[{"start":{"line":45,"column":3},"end":{"line":61,"column":4}},{"start":{"line":58,"column":10},"end":{"line":61,"column":4}}],"line":45},"6":{"loc":{"start":{"line":46,"column":4},"end":{"line":57,"column":5}},"type":"if","locations":[{"start":{"line":46,"column":4},"end":{"line":57,"column":5}},{"start":{"line":49,"column":9},"end":{"line":57,"column":5}}],"line":46},"7":{"loc":{"start":{"line":50,"column":5},"end":{"line":56,"column":6}},"type":"if","locations":[{"start":{"line":50,"column":5},"end":{"line":56,"column":6}},{"start":{"line":53,"column":12},"end":{"line":56,"column":6}}],"line":50},"8":{"loc":{"start":{"line":66,"column":2},"end":{"line":68,"column":3}},"type":"if","locations":[{"start":{"line":66,"column":2},"end":{"line":68,"column":3}},{"start":{},"end":{}}],"line":66},"9":{"loc":{"start":{"line":67,"column":19},"end":{"line":67,"column":43}},"type":"binary-expr","locations":[{"start":{"line":67,"column":19},"end":{"line":67,"column":34}},{"start":{"line":67,"column":38},"end":{"line":67,"column":43}}],"line":67},"10":{"loc":{"start":{"line":72,"column":2},"end":{"line":81,"column":3}},"type":"if","locations":[{"start":{"line":72,"column":2},"end":{"line":81,"column":3}},{"start":{"line":75,"column":9},"end":{"line":81,"column":3}}],"line":72},"11":{"loc":{"start":{"line":75,"column":9},"end":{"line":81,"column":3}},"type":"if","locations":[{"start":{"line":75,"column":9},"end":{"line":81,"column":3}},{"start":{"line":78,"column":9},"end":{"line":81,"column":3}}],"line":75},"12":{"loc":{"start":{"line":78,"column":9},"end":{"line":81,"column":3}},"type":"if","locations":[{"start":{"line":78,"column":9},"end":{"line":81,"column":3}},{"start":{},"end":{}}],"line":78}},"s":{"0":1,"1":84,"2":84,"3":84,"4":84,"5":84,"6":0,"7":0,"8":0,"9":0,"10":0,"11":0,"12":0,"13":0,"14":0,"15":0,"16":0,"17":0,"18":0,"19":0,"20":0,"21":0,"22":0,"23":0,"24":0,"25":0,"26":0,"27":0,"28":0,"29":0,"30":0,"31":84,"32":4,"33":0,"34":84,"35":4,"36":4,"37":4,"38":0,"39":0,"40":0,"41":0,"42":0,"43":0,"44":84,"45":0,"46":0},"f":{"0":84,"1":0,"2":4,"3":4,"4":0,"5":0},"b":{"0":[0,0],"1":[0,0],"2":[0,0],"3":[0,0],"4":[0,0],"5":[0,0],"6":[0,0],"7":[0,0],"8":[0,4],"9":[0,0],"10":[4,0],"11":[0,0],"12":[0,0]},"_coverageSchema":"1a1c01bbd47fc00a2c39e90264f33305004495a9","hash":"98fcc8446301c61b885531e3856b12318cafcce6"}
,"D:\\School-Work\\Assignment\\1DV613\\jgl-tool\\jungle-tool\\src\\Components\\UrlImportDisplay\\UrlImportDisplay.jsx": {"path":"D:\\School-Work\\Assignment\\1DV613\\jgl-tool\\jungle-tool\\src\\Components\\UrlImportDisplay\\UrlImportDisplay.jsx","statementMap":{"0":{"start":{"line":10,"column":25},"end":{"line":30,"column":1}},"1":{"start":{"line":11,"column":64},"end":{"line":11,"column":90}},"2":{"start":{"line":13,"column":1},"end":{"line":29,"column":2}},"3":{"start":{"line":15,"column":70},"end":{"line":15,"column":95}},"4":{"start":{"line":16,"column":50},"end":{"line":16,"column":69}},"5":{"start":{"line":19,"column":53},"end":{"line":19,"column":78}},"6":{"start":{"line":21,"column":23},"end":{"line":21,"column":65}},"7":{"start":{"line":22,"column":6},"end":{"line":22,"column":37}}},"fnMap":{"0":{"name":"(anonymous_0)","decl":{"start":{"line":10,"column":25},"end":{"line":10,"column":26}},"loc":{"start":{"line":10,"column":31},"end":{"line":30,"column":1}},"line":10},"1":{"name":"(anonymous_1)","decl":{"start":{"line":15,"column":64},"end":{"line":15,"column":65}},"loc":{"start":{"line":15,"column":70},"end":{"line":15,"column":95}},"line":15},"2":{"name":"(anonymous_2)","decl":{"start":{"line":16,"column":43},"end":{"line":16,"column":44}},"loc":{"start":{"line":16,"column":50},"end":{"line":16,"column":69}},"line":16},"3":{"name":"(anonymous_3)","decl":{"start":{"line":19,"column":47},"end":{"line":19,"column":48}},"loc":{"start":{"line":19,"column":53},"end":{"line":19,"column":78}},"line":19},"4":{"name":"(anonymous_4)","decl":{"start":{"line":20,"column":73},"end":{"line":20,"column":74}},"loc":{"start":{"line":20,"column":79},"end":{"line":23,"column":6}},"line":20}},"branchMap":{"0":{"loc":{"start":{"line":15,"column":4},"end":{"line":25,"column":9}},"type":"binary-expr","locations":[{"start":{"line":15,"column":4},"end":{"line":15,"column":19}},{"start":{"line":15,"column":23},"end":{"line":25,"column":9}}],"line":15}},"s":{"0":1,"1":12,"2":12,"3":0,"4":0,"5":0,"6":0,"7":0},"f":{"0":12,"1":0,"2":0,"3":0,"4":0},"b":{"0":[12,0]},"_coverageSchema":"1a1c01bbd47fc00a2c39e90264f33305004495a9","hash":"75c427ab05f8e6165bbb3ba6b79b888f83c5c9cc"}
,"D:\\School-Work\\Assignment\\1DV613\\jgl-tool\\jungle-tool\\src\\Components\\ValuesDisplay\\ValuesDisplay.jsx": {"path":"D:\\School-Work\\Assignment\\1DV613\\jgl-tool\\jungle-tool\\src\\Components\\ValuesDisplay\\ValuesDisplay.jsx","statementMap":{"0":{"start":{"line":11,"column":22},"end":{"line":43,"column":1}},"1":{"start":{"line":13,"column":56},"end":{"line":13,"column":82}},"2":{"start":{"line":15,"column":1},"end":{"line":42,"column":2}},"3":{"start":{"line":29,"column":7},"end":{"line":35,"column":12}}},"fnMap":{"0":{"name":"(anonymous_0)","decl":{"start":{"line":11,"column":22},"end":{"line":11,"column":23}},"loc":{"start":{"line":11,"column":28},"end":{"line":43,"column":1}},"line":11},"1":{"name":"(anonymous_1)","decl":{"start":{"line":28,"column":22},"end":{"line":28,"column":23}},"loc":{"start":{"line":29,"column":7},"end":{"line":35,"column":12}},"line":29}},"branchMap":{},"s":{"0":1,"1":12,"2":12,"3":84},"f":{"0":12,"1":84},"b":{},"_coverageSchema":"1a1c01bbd47fc00a2c39e90264f33305004495a9","hash":"c845e0ea76c8f2980bf44d00fbbceb2ea9ee7a97"}
,"D:\\School-Work\\Assignment\\1DV613\\jgl-tool\\jungle-tool\\src\\Contexts\\CampSelectionContext.jsx": {"path":"D:\\School-Work\\Assignment\\1DV613\\jgl-tool\\jungle-tool\\src\\Contexts\\CampSelectionContext.jsx","statementMap":{"0":{"start":{"line":4,"column":36},"end":{"line":4,"column":51}},"1":{"start":{"line":11,"column":37},"end":{"line":133,"column":1}},"2":{"start":{"line":12,"column":20},"end":{"line":12,"column":70}},"3":{"start":{"line":13,"column":51},"end":{"line":20,"column":3}},"4":{"start":{"line":14,"column":2},"end":{"line":19,"column":3}},"5":{"start":{"line":15,"column":21},"end":{"line":15,"column":72}},"6":{"start":{"line":15,"column":45},"end":{"line":15,"column":71}},"7":{"start":{"line":16,"column":3},"end":{"line":16,"column":19}},"8":{"start":{"line":18,"column":3},"end":{"line":18,"column":12}},"9":{"start":{"line":22,"column":41},"end":{"line":22,"column":138}},"10":{"start":{"line":23,"column":37},"end":{"line":23,"column":48}},"11":{"start":{"line":24,"column":43},"end":{"line":24,"column":55}},"12":{"start":{"line":25,"column":33},"end":{"line":25,"column":44}},"13":{"start":{"line":26,"column":35},"end":{"line":26,"column":46}},"14":{"start":{"line":27,"column":27},"end":{"line":27,"column":38}},"15":{"start":{"line":28,"column":23},"end":{"line":28,"column":118}},"16":{"start":{"line":29,"column":41},"end":{"line":29,"column":51}},"17":{"start":{"line":35,"column":16},"end":{"line":49,"column":2}},"18":{"start":{"line":36,"column":2},"end":{"line":48,"column":3}},"19":{"start":{"line":37,"column":3},"end":{"line":37,"column":67}},"20":{"start":{"line":38,"column":3},"end":{"line":40,"column":8}},"21":{"start":{"line":42,"column":3},"end":{"line":47,"column":4}},"22":{"start":{"line":43,"column":4},"end":{"line":43,"column":73}},"23":{"start":{"line":44,"column":4},"end":{"line":44,"column":23}},"24":{"start":{"line":46,"column":4},"end":{"line":46,"column":44}},"25":{"start":{"line":51,"column":1},"end":{"line":61,"column":53}},"26":{"start":{"line":52,"column":26},"end":{"line":52,"column":72}},"27":{"start":{"line":52,"column":54},"end":{"line":52,"column":61}},"28":{"start":{"line":53,"column":25},"end":{"line":53,"column":74}},"29":{"start":{"line":53,"column":58},"end":{"line":53,"column":63}},"30":{"start":{"line":54,"column":21},"end":{"line":54,"column":49}},"31":{"start":{"line":55,"column":2},"end":{"line":55,"column":86}},"32":{"start":{"line":56,"column":15},"end":{"line":56,"column":73}},"33":{"start":{"line":57,"column":2},"end":{"line":59,"column":3}},"34":{"start":{"line":58,"column":3},"end":{"line":58,"column":32}},"35":{"start":{"line":60,"column":2},"end":{"line":60,"column":46}},"36":{"start":{"line":67,"column":20},"end":{"line":81,"column":2}},"37":{"start":{"line":68,"column":2},"end":{"line":80,"column":3}},"38":{"start":{"line":69,"column":3},"end":{"line":69,"column":17}},"39":{"start":{"line":70,"column":3},"end":{"line":70,"column":22}},"40":{"start":{"line":72,"column":3},"end":{"line":79,"column":4}},"41":{"start":{"line":73,"column":28},"end":{"line":73,"column":55}},"42":{"start":{"line":74,"column":28},"end":{"line":74,"column":52}},"43":{"start":{"line":75,"column":4},"end":{"line":75,"column":50}},"44":{"start":{"line":76,"column":4},"end":{"line":76,"column":23}},"45":{"start":{"line":78,"column":4},"end":{"line":78,"column":44}},"46":{"start":{"line":83,"column":1},"end":{"line":132,"column":33}},"47":{"start":{"line":95,"column":4},"end":{"line":95,"column":24}},"48":{"start":{"line":96,"column":4},"end":{"line":96,"column":20}},"49":{"start":{"line":97,"column":4},"end":{"line":97,"column":19}},"50":{"start":{"line":98,"column":4},"end":{"line":98,"column":15}},"51":{"start":{"line":99,"column":4},"end":{"line":99,"column":18}},"52":{"start":{"line":106,"column":4},"end":{"line":106,"column":30}},"53":{"start":{"line":107,"column":4},"end":{"line":107,"column":57}},"54":{"start":{"line":108,"column":4},"end":{"line":108,"column":33}},"55":{"start":{"line":109,"column":4},"end":{"line":109,"column":43}},"56":{"start":{"line":116,"column":4},"end":{"line":116,"column":34}},"57":{"start":{"line":117,"column":33},"end":{"line":117,"column":81}},"58":{"start":{"line":117,"column":67},"end":{"line":117,"column":80}},"59":{"start":{"line":118,"column":4},"end":{"line":118,"column":57}},"60":{"start":{"line":119,"column":4},"end":{"line":119,"column":42}},"61":{"start":{"line":120,"column":4},"end":{"line":120,"column":46}}},"fnMap":{"0":{"name":"(anonymous_0)","decl":{"start":{"line":11,"column":37},"end":{"line":11,"column":38}},"loc":{"start":{"line":11,"column":53},"end":{"line":133,"column":1}},"line":11},"1":{"name":"(anonymous_1)","decl":{"start":{"line":13,"column":60},"end":{"line":13,"column":61}},"loc":{"start":{"line":13,"column":66},"end":{"line":20,"column":2}},"line":13},"2":{"name":"(anonymous_2)","decl":{"start":{"line":15,"column":36},"end":{"line":15,"column":37}},"loc":{"start":{"line":15,"column":45},"end":{"line":15,"column":71}},"line":15},"3":{"name":"(anonymous_3)","decl":{"start":{"line":35,"column":16},"end":{"line":35,"column":17}},"loc":{"start":{"line":35,"column":30},"end":{"line":49,"column":2}},"line":35},"4":{"name":"(anonymous_4)","decl":{"start":{"line":51,"column":11},"end":{"line":51,"column":12}},"loc":{"start":{"line":51,"column":17},"end":{"line":61,"column":2}},"line":51},"5":{"name":"(anonymous_5)","decl":{"start":{"line":52,"column":44},"end":{"line":52,"column":45}},"loc":{"start":{"line":52,"column":54},"end":{"line":52,"column":61}},"line":52},"6":{"name":"(anonymous_6)","decl":{"start":{"line":53,"column":47},"end":{"line":53,"column":48}},"loc":{"start":{"line":53,"column":58},"end":{"line":53,"column":63}},"line":53},"7":{"name":"(anonymous_7)","decl":{"start":{"line":67,"column":20},"end":{"line":67,"column":21}},"loc":{"start":{"line":67,"column":34},"end":{"line":81,"column":2}},"line":67},"8":{"name":"(anonymous_8)","decl":{"start":{"line":94,"column":13},"end":{"line":94,"column":14}},"loc":{"start":{"line":94,"column":19},"end":{"line":100,"column":4}},"line":94},"9":{"name":"(anonymous_9)","decl":{"start":{"line":105,"column":20},"end":{"line":105,"column":21}},"loc":{"start":{"line":105,"column":27},"end":{"line":110,"column":4}},"line":105},"10":{"name":"(anonymous_10)","decl":{"start":{"line":115,"column":25},"end":{"line":115,"column":26}},"loc":{"start":{"line":115,"column":32},"end":{"line":121,"column":4}},"line":115},"11":{"name":"(anonymous_11)","decl":{"start":{"line":117,"column":54},"end":{"line":117,"column":55}},"loc":{"start":{"line":117,"column":67},"end":{"line":117,"column":80}},"line":117}},"branchMap":{"0":{"loc":{"start":{"line":14,"column":2},"end":{"line":19,"column":3}},"type":"if","locations":[{"start":{"line":14,"column":2},"end":{"line":19,"column":3}},{"start":{"line":17,"column":9},"end":{"line":19,"column":3}}],"line":14},"1":{"loc":{"start":{"line":14,"column":6},"end":{"line":14,"column":33}},"type":"binary-expr","locations":[{"start":{"line":14,"column":6},"end":{"line":14,"column":16}},{"start":{"line":14,"column":20},"end":{"line":14,"column":33}}],"line":14},"2":{"loc":{"start":{"line":22,"column":50},"end":{"line":22,"column":137}},"type":"cond-expr","locations":[{"start":{"line":22,"column":91},"end":{"line":22,"column":129}},{"start":{"line":22,"column":132},"end":{"line":22,"column":137}}],"line":22},"3":{"loc":{"start":{"line":36,"column":2},"end":{"line":48,"column":3}},"type":"if","locations":[{"start":{"line":36,"column":2},"end":{"line":48,"column":3}},{"start":{"line":41,"column":9},"end":{"line":48,"column":3}}],"line":36},"4":{"loc":{"start":{"line":38,"column":3},"end":{"line":40,"column":8}},"type":"cond-expr","locations":[{"start":{"line":39,"column":6},"end":{"line":39,"column":25}},{"start":{"line":40,"column":6},"end":{"line":40,"column":8}}],"line":38},"5":{"loc":{"start":{"line":42,"column":3},"end":{"line":47,"column":4}},"type":"if","locations":[{"start":{"line":42,"column":3},"end":{"line":47,"column":4}},{"start":{"line":45,"column":10},"end":{"line":47,"column":4}}],"line":42},"6":{"loc":{"start":{"line":57,"column":2},"end":{"line":59,"column":3}},"type":"if","locations":[{"start":{"line":57,"column":2},"end":{"line":59,"column":3}},{"start":{},"end":{}}],"line":57},"7":{"loc":{"start":{"line":68,"column":2},"end":{"line":80,"column":3}},"type":"if","locations":[{"start":{"line":68,"column":2},"end":{"line":80,"column":3}},{"start":{"line":71,"column":9},"end":{"line":80,"column":3}}],"line":68},"8":{"loc":{"start":{"line":72,"column":3},"end":{"line":79,"column":4}},"type":"if","locations":[{"start":{"line":72,"column":3},"end":{"line":79,"column":4}},{"start":{"line":77,"column":10},"end":{"line":79,"column":4}}],"line":72}},"s":{"0":3,"1":3,"2":732,"3":732,"4":14,"5":0,"6":0,"7":0,"8":14,"9":732,"10":732,"11":732,"12":732,"13":732,"14":732,"15":732,"16":732,"17":732,"18":253,"19":23,"20":23,"21":230,"22":8,"23":8,"24":222,"25":732,"26":366,"27":10338,"28":366,"29":0,"30":366,"31":366,"32":366,"33":366,"34":0,"35":366,"36":732,"37":117,"38":15,"39":15,"40":102,"41":0,"42":0,"43":0,"44":0,"45":102,"46":732,"47":4,"48":4,"49":4,"50":4,"51":4,"52":253,"53":253,"54":253,"55":253,"56":117,"57":117,"58":220,"59":117,"60":117,"61":117},"f":{"0":732,"1":14,"2":0,"3":253,"4":366,"5":10338,"6":0,"7":117,"8":4,"9":253,"10":117,"11":220},"b":{"0":[0,14],"1":[14,10],"2":[728,4],"3":[23,230],"4":[20,3],"5":[8,222],"6":[0,366],"7":[15,102],"8":[0,102]},"_coverageSchema":"1a1c01bbd47fc00a2c39e90264f33305004495a9","hash":"2e78d0b1bc8260fda5d74cea0a12a2c4a7d93232"}
,"D:\\School-Work\\Assignment\\1DV613\\jgl-tool\\jungle-tool\\src\\Contexts\\SideBarContext.jsx": {"path":"D:\\School-Work\\Assignment\\1DV613\\jgl-tool\\jungle-tool\\src\\Contexts\\SideBarContext.jsx","statementMap":{"0":{"start":{"line":4,"column":30},"end":{"line":4,"column":45}},"1":{"start":{"line":11,"column":31},"end":{"line":154,"column":1}},"2":{"start":{"line":13,"column":41},"end":{"line":13,"column":56}},"3":{"start":{"line":14,"column":49},"end":{"line":14,"column":64}},"4":{"start":{"line":15,"column":41},"end":{"line":15,"column":56}},"5":{"start":{"line":16,"column":43},"end":{"line":16,"column":58}},"6":{"start":{"line":17,"column":55},"end":{"line":17,"column":70}},"7":{"start":{"line":18,"column":41},"end":{"line":18,"column":56}},"8":{"start":{"line":19,"column":35},"end":{"line":19,"column":45}},"9":{"start":{"line":20,"column":47},"end":{"line":20,"column":62}},"10":{"start":{"line":24,"column":23},"end":{"line":26,"column":2}},"11":{"start":{"line":25,"column":2},"end":{"line":25,"column":23}},"12":{"start":{"line":31,"column":23},"end":{"line":35,"column":2}},"13":{"start":{"line":32,"column":2},"end":{"line":34,"column":7}},"14":{"start":{"line":40,"column":23},"end":{"line":53,"column":2}},"15":{"start":{"line":41,"column":2},"end":{"line":47,"column":3}},"16":{"start":{"line":42,"column":3},"end":{"line":42,"column":26}},"17":{"start":{"line":43,"column":3},"end":{"line":43,"column":25}},"18":{"start":{"line":44,"column":9},"end":{"line":47,"column":3}},"19":{"start":{"line":45,"column":3},"end":{"line":45,"column":25}},"20":{"start":{"line":46,"column":3},"end":{"line":46,"column":24}},"21":{"start":{"line":48,"column":2},"end":{"line":52,"column":3}},"22":{"start":{"line":49,"column":3},"end":{"line":49,"column":24}},"23":{"start":{"line":50,"column":3},"end":{"line":50,"column":25}},"24":{"start":{"line":51,"column":3},"end":{"line":51,"column":25}},"25":{"start":{"line":58,"column":23},"end":{"line":60,"column":2}},"26":{"start":{"line":59,"column":2},"end":{"line":59,"column":23}},"27":{"start":{"line":64,"column":23},"end":{"line":66,"column":2}},"28":{"start":{"line":65,"column":2},"end":{"line":65,"column":24}},"29":{"start":{"line":71,"column":23},"end":{"line":82,"column":2}},"30":{"start":{"line":72,"column":12},"end":{"line":72,"column":32}},"31":{"start":{"line":73,"column":2},"end":{"line":81,"column":3}},"32":{"start":{"line":74,"column":3},"end":{"line":74,"column":43}},"33":{"start":{"line":75,"column":3},"end":{"line":75,"column":24}},"34":{"start":{"line":76,"column":3},"end":{"line":78,"column":11}},"35":{"start":{"line":77,"column":4},"end":{"line":77,"column":26}},"36":{"start":{"line":80,"column":3},"end":{"line":80,"column":22}},"37":{"start":{"line":87,"column":24},"end":{"line":89,"column":2}},"38":{"start":{"line":88,"column":2},"end":{"line":88,"column":30}},"39":{"start":{"line":94,"column":24},"end":{"line":96,"column":2}},"40":{"start":{"line":95,"column":2},"end":{"line":95,"column":31}},"41":{"start":{"line":102,"column":26},"end":{"line":112,"column":2}},"42":{"start":{"line":103,"column":2},"end":{"line":108,"column":3}},"43":{"start":{"line":104,"column":16},"end":{"line":104,"column":33}},"44":{"start":{"line":105,"column":3},"end":{"line":105,"column":21}},"45":{"start":{"line":107,"column":3},"end":{"line":107,"column":23}},"46":{"start":{"line":111,"column":2},"end":{"line":111,"column":28}},"47":{"start":{"line":118,"column":25},"end":{"line":126,"column":2}},"48":{"start":{"line":119,"column":2},"end":{"line":124,"column":3}},"49":{"start":{"line":120,"column":3},"end":{"line":120,"column":104}},"50":{"start":{"line":123,"column":3},"end":{"line":123,"column":65}},"51":{"start":{"line":125,"column":2},"end":{"line":125,"column":27}},"52":{"start":{"line":128,"column":1},"end":{"line":153,"column":27}}},"fnMap":{"0":{"name":"(anonymous_0)","decl":{"start":{"line":11,"column":31},"end":{"line":11,"column":32}},"loc":{"start":{"line":11,"column":47},"end":{"line":154,"column":1}},"line":11},"1":{"name":"(anonymous_1)","decl":{"start":{"line":24,"column":23},"end":{"line":24,"column":24}},"loc":{"start":{"line":24,"column":29},"end":{"line":26,"column":2}},"line":24},"2":{"name":"(anonymous_2)","decl":{"start":{"line":31,"column":23},"end":{"line":31,"column":24}},"loc":{"start":{"line":31,"column":29},"end":{"line":35,"column":2}},"line":31},"3":{"name":"(anonymous_3)","decl":{"start":{"line":40,"column":23},"end":{"line":40,"column":24}},"loc":{"start":{"line":40,"column":29},"end":{"line":53,"column":2}},"line":40},"4":{"name":"(anonymous_4)","decl":{"start":{"line":58,"column":23},"end":{"line":58,"column":24}},"loc":{"start":{"line":58,"column":29},"end":{"line":60,"column":2}},"line":58},"5":{"name":"(anonymous_5)","decl":{"start":{"line":64,"column":23},"end":{"line":64,"column":24}},"loc":{"start":{"line":64,"column":29},"end":{"line":66,"column":2}},"line":64},"6":{"name":"(anonymous_6)","decl":{"start":{"line":71,"column":23},"end":{"line":71,"column":24}},"loc":{"start":{"line":71,"column":35},"end":{"line":82,"column":2}},"line":71},"7":{"name":"(anonymous_7)","decl":{"start":{"line":76,"column":14},"end":{"line":76,"column":15}},"loc":{"start":{"line":76,"column":20},"end":{"line":78,"column":4}},"line":76},"8":{"name":"(anonymous_8)","decl":{"start":{"line":87,"column":24},"end":{"line":87,"column":25}},"loc":{"start":{"line":87,"column":30},"end":{"line":89,"column":2}},"line":87},"9":{"name":"(anonymous_9)","decl":{"start":{"line":94,"column":24},"end":{"line":94,"column":25}},"loc":{"start":{"line":94,"column":30},"end":{"line":96,"column":2}},"line":94},"10":{"name":"(anonymous_10)","decl":{"start":{"line":102,"column":26},"end":{"line":102,"column":27}},"loc":{"start":{"line":102,"column":37},"end":{"line":112,"column":2}},"line":102},"11":{"name":"(anonymous_11)","decl":{"start":{"line":118,"column":25},"end":{"line":118,"column":26}},"loc":{"start":{"line":118,"column":36},"end":{"line":126,"column":2}},"line":118}},"branchMap":{"0":{"loc":{"start":{"line":32,"column":2},"end":{"line":34,"column":7}},"type":"cond-expr","locations":[{"start":{"line":33,"column":5},"end":{"line":33,"column":27}},{"start":{"line":34,"column":5},"end":{"line":34,"column":7}}],"line":32},"1":{"loc":{"start":{"line":41,"column":2},"end":{"line":47,"column":3}},"type":"if","locations":[{"start":{"line":41,"column":2},"end":{"line":47,"column":3}},{"start":{"line":44,"column":9},"end":{"line":47,"column":3}}],"line":41},"2":{"loc":{"start":{"line":41,"column":5},"end":{"line":41,"column":34}},"type":"binary-expr","locations":[{"start":{"line":41,"column":5},"end":{"line":41,"column":17}},{"start":{"line":41,"column":21},"end":{"line":41,"column":34}}],"line":41},"3":{"loc":{"start":{"line":44,"column":9},"end":{"line":47,"column":3}},"type":"if","locations":[{"start":{"line":44,"column":9},"end":{"line":47,"column":3}},{"start":{},"end":{}}],"line":44},"4":{"loc":{"start":{"line":44,"column":13},"end":{"line":44,"column":43}},"type":"binary-expr","locations":[{"start":{"line":44,"column":13},"end":{"line":44,"column":25}},{"start":{"line":44,"column":29},"end":{"line":44,"column":43}}],"line":44},"5":{"loc":{"start":{"line":48,"column":2},"end":{"line":52,"column":3}},"type":"if","locations":[{"start":{"line":48,"column":2},"end":{"line":52,"column":3}},{"start":{},"end":{}}],"line":48},"6":{"loc":{"start":{"line":119,"column":2},"end":{"line":124,"column":3}},"type":"if","locations":[{"start":{"line":119,"column":2},"end":{"line":124,"column":3}},{"start":{"line":121,"column":9},"end":{"line":124,"column":3}}],"line":119}},"s":{"0":2,"1":2,"2":7,"3":7,"4":7,"5":7,"6":7,"7":7,"8":7,"9":7,"10":7,"11":0,"12":7,"13":0,"14":7,"15":0,"16":0,"17":0,"18":0,"19":0,"20":0,"21":0,"22":0,"23":0,"24":0,"25":7,"26":0,"27":7,"28":0,"29":7,"30":0,"31":0,"32":0,"33":0,"34":0,"35":0,"36":0,"37":7,"38":0,"39":7,"40":0,"41":7,"42":0,"43":0,"44":0,"45":0,"46":0,"47":7,"48":0,"49":0,"50":0,"51":0,"52":7},"f":{"0":7,"1":0,"2":0,"3":0,"4":0,"5":0,"6":0,"7":0,"8":0,"9":0,"10":0,"11":0},"b":{"0":[0,0],"1":[0,0],"2":[0,0],"3":[0,0],"4":[0,0],"5":[0,0],"6":[0,0]},"_coverageSchema":"1a1c01bbd47fc00a2c39e90264f33305004495a9","hash":"1810302e56b9624da5cec693258a34c047adab10"}
,"D:\\School-Work\\Assignment\\1DV613\\jgl-tool\\jungle-tool\\src\\Data\\Arrays.js": {"path":"D:\\School-Work\\Assignment\\1DV613\\jgl-tool\\jungle-tool\\src\\Data\\Arrays.js","statementMap":{"0":{"start":{"line":1,"column":29},"end":{"line":165,"column":1}},"1":{"start":{"line":166,"column":30},"end":{"line":166,"column":138}},"2":{"start":{"line":168,"column":22},"end":{"line":239,"column":1}},"3":{"start":{"line":241,"column":27},"end":{"line":277,"column":1}}},"fnMap":{},"branchMap":{},"s":{"0":2,"1":2,"2":2,"3":2},"f":{},"b":{},"_coverageSchema":"1a1c01bbd47fc00a2c39e90264f33305004495a9","hash":"c120e17d1663acb27d504160994414c03bce9a85"}
}
