{"D:\\School-Work\\Assignment\\1DV613\\jgl-tool\\jungle-tool\\src\\Components\\JungleCamp\\JungleCamp.jsx": {"path":"D:\\School-Work\\Assignment\\1DV613\\jgl-tool\\jungle-tool\\src\\Components\\JungleCamp\\JungleCamp.jsx","statementMap":{"0":{"start":{"line":5,"column":19},"end":{"line":43,"column":1}},"1":{"start":{"line":7,"column":76},"end":{"line":7,"column":108}},"2":{"start":{"line":8,"column":41},"end":{"line":8,"column":56}},"3":{"start":{"line":9,"column":41},"end":{"line":9,"column":55}},"4":{"start":{"line":10,"column":47},"end":{"line":10,"column":61}},"5":{"start":{"line":11,"column":20},"end":{"line":11,"column":38}},"6":{"start":{"line":13,"column":1},"end":{"line":23,"column":16}},"7":{"start":{"line":14,"column":2},"end":{"line":22,"column":3}},"8":{"start":{"line":15,"column":3},"end":{"line":15,"column":30}},"9":{"start":{"line":16,"column":3},"end":{"line":16,"column":37}},"10":{"start":{"line":17,"column":9},"end":{"line":22,"column":3}},"11":{"start":{"line":18,"column":3},"end":{"line":21,"column":4}},"12":{"start":{"line":19,"column":4},"end":{"line":19,"column":37}},"13":{"start":{"line":20,"column":4},"end":{"line":20,"column":43}},"14":{"start":{"line":25,"column":1},"end":{"line":42,"column":2}},"15":{"start":{"line":28,"column":4},"end":{"line":36,"column":5}},"16":{"start":{"line":29,"column":5},"end":{"line":29,"column":26}},"17":{"start":{"line":30,"column":5},"end":{"line":30,"column":45}},"18":{"start":{"line":31,"column":5},"end":{"line":31,"column":41}},"19":{"start":{"line":33,"column":5},"end":{"line":33,"column":27}},"20":{"start":{"line":34,"column":5},"end":{"line":34,"column":29}},"21":{"start":{"line":35,"column":5},"end":{"line":35,"column":46}}},"fnMap":{"0":{"name":"(anonymous_0)","decl":{"start":{"line":5,"column":19},"end":{"line":5,"column":20}},"loc":{"start":{"line":5,"column":57},"end":{"line":43,"column":1}},"line":5},"1":{"name":"(anonymous_1)","decl":{"start":{"line":13,"column":11},"end":{"line":13,"column":12}},"loc":{"start":{"line":13,"column":17},"end":{"line":23,"column":2}},"line":13},"2":{"name":"(anonymous_2)","decl":{"start":{"line":27,"column":91},"end":{"line":27,"column":92}},"loc":{"start":{"line":27,"column":98},"end":{"line":37,"column":4}},"line":27}},"branchMap":{"0":{"loc":{"start":{"line":14,"column":2},"end":{"line":22,"column":3}},"type":"if","locations":[{"start":{"line":14,"column":2},"end":{"line":22,"column":3}},{"start":{"line":17,"column":9},"end":{"line":22,"column":3}}],"line":14},"1":{"loc":{"start":{"line":14,"column":6},"end":{"line":14,"column":86}},"type":"binary-expr","locations":[{"start":{"line":14,"column":6},"end":{"line":14,"column":27}},{"start":{"line":14,"column":31},"end":{"line":14,"column":86}}],"line":14},"2":{"loc":{"start":{"line":17,"column":9},"end":{"line":22,"column":3}},"type":"if","locations":[{"start":{"line":17,"column":9},"end":{"line":22,"column":3}},{"start":{},"end":{}}],"line":17},"3":{"loc":{"start":{"line":18,"column":3},"end":{"line":21,"column":4}},"type":"if","locations":[{"start":{"line":18,"column":3},"end":{"line":21,"column":4}},{"start":{},"end":{}}],"line":18},"4":{"loc":{"start":{"line":28,"column":4},"end":{"line":36,"column":5}},"type":"if","locations":[{"start":{"line":28,"column":4},"end":{"line":36,"column":5}},{"start":{"line":32,"column":11},"end":{"line":36,"column":5}}],"line":28},"5":{"loc":{"start":{"line":38,"column":5},"end":{"line":38,"column":86}},"type":"binary-expr","locations":[{"start":{"line":38,"column":5},"end":{"line":38,"column":17}},{"start":{"line":38,"column":21},"end":{"line":38,"column":86}}],"line":38}},"s":{"0":1,"1":72,"2":72,"3":72,"4":72,"5":72,"6":72,"7":70,"8":0,"9":0,"10":70,"11":2,"12":2,"13":2,"14":72,"15":3,"16":2,"17":2,"18":2,"19":1,"20":1,"21":1},"f":{"0":72,"1":70,"2":3},"b":{"0":[0,70],"1":[70,2],"2":[2,68],"3":[2,0],"4":[2,1],"5":[72,4]},"_coverageSchema":"1a1c01bbd47fc00a2c39e90264f33305004495a9","hash":"bdf281f05218f47491c3f22978bd68d40a21e208"}
,"D:\\School-Work\\Assignment\\1DV613\\jgl-tool\\jungle-tool\\src\\Components\\Map\\Map.jsx": {"path":"D:\\School-Work\\Assignment\\1DV613\\jgl-tool\\jungle-tool\\src\\Components\\Map\\Map.jsx","statementMap":{"0":{"start":{"line":7,"column":12},"end":{"line":99,"column":1}},"1":{"start":{"line":9,"column":15},"end":{"line":80,"column":2}},"2":{"start":{"line":82,"column":1},"end":{"line":98,"column":2}},"3":{"start":{"line":85,"column":4},"end":{"line":95,"column":10}},"4":{"start":{"line":88,"column":6},"end":{"line":93,"column":8}}},"fnMap":{"0":{"name":"(anonymous_0)","decl":{"start":{"line":7,"column":12},"end":{"line":7,"column":13}},"loc":{"start":{"line":7,"column":18},"end":{"line":99,"column":1}},"line":7},"1":{"name":"(anonymous_1)","decl":{"start":{"line":84,"column":4},"end":{"line":84,"column":5}},"loc":{"start":{"line":85,"column":4},"end":{"line":95,"column":10}},"line":85},"2":{"name":"(anonymous_2)","decl":{"start":{"line":87,"column":16},"end":{"line":87,"column":17}},"loc":{"start":{"line":88,"column":6},"end":{"line":93,"column":8}},"line":88}},"branchMap":{},"s":{"0":1,"1":2,"2":2,"3":5,"4":70},"f":{"0":2,"1":5,"2":70},"b":{},"_coverageSchema":"1a1c01bbd47fc00a2c39e90264f33305004495a9","hash":"a13c30606a7997c3b40e04c0deb35d3d9662ce27"}
,"D:\\School-Work\\Assignment\\1DV613\\jgl-tool\\jungle-tool\\src\\Contexts\\CampSelectionContext.jsx": {"path":"D:\\School-Work\\Assignment\\1DV613\\jgl-tool\\jungle-tool\\src\\Contexts\\CampSelectionContext.jsx","statementMap":{"0":{"start":{"line":4,"column":36},"end":{"line":4,"column":51}},"1":{"start":{"line":6,"column":37},"end":{"line":33,"column":1}},"2":{"start":{"line":8,"column":37},"end":{"line":8,"column":48}},"3":{"start":{"line":9,"column":43},"end":{"line":9,"column":55}},"4":{"start":{"line":11,"column":25},"end":{"line":14,"column":2}},"5":{"start":{"line":12,"column":2},"end":{"line":12,"column":31}},"6":{"start":{"line":13,"column":2},"end":{"line":13,"column":41}},"7":{"start":{"line":15,"column":30},"end":{"line":20,"column":2}},"8":{"start":{"line":16,"column":31},"end":{"line":16,"column":79}},"9":{"start":{"line":16,"column":65},"end":{"line":16,"column":78}},"10":{"start":{"line":17,"column":2},"end":{"line":17,"column":40}},"11":{"start":{"line":18,"column":2},"end":{"line":18,"column":44}},"12":{"start":{"line":19,"column":2},"end":{"line":19,"column":29}},"13":{"start":{"line":22,"column":1},"end":{"line":32,"column":33}}},"fnMap":{"0":{"name":"(anonymous_0)","decl":{"start":{"line":6,"column":37},"end":{"line":6,"column":38}},"loc":{"start":{"line":6,"column":53},"end":{"line":33,"column":1}},"line":6},"1":{"name":"(anonymous_1)","decl":{"start":{"line":11,"column":25},"end":{"line":11,"column":26}},"loc":{"start":{"line":11,"column":32},"end":{"line":14,"column":2}},"line":11},"2":{"name":"(anonymous_2)","decl":{"start":{"line":15,"column":30},"end":{"line":15,"column":31}},"loc":{"start":{"line":15,"column":37},"end":{"line":20,"column":2}},"line":15},"3":{"name":"(anonymous_3)","decl":{"start":{"line":16,"column":52},"end":{"line":16,"column":53}},"loc":{"start":{"line":16,"column":65},"end":{"line":16,"column":78}},"line":16}},"branchMap":{},"s":{"0":1,"1":1,"2":5,"3":5,"4":5,"5":2,"6":2,"7":5,"8":1,"9":1,"10":1,"11":1,"12":1,"13":5},"f":{"0":5,"1":2,"2":1,"3":1},"b":{},"_coverageSchema":"1a1c01bbd47fc00a2c39e90264f33305004495a9","hash":"77107f1e1c7974f6f4d782262a7308df1d71f125"}
}
