TN:
SF:src\App.jsx
FN:16,App
FN:20,(anonymous_1)
FN:28,(anonymous_2)
FN:32,(anonymous_3)
FN:34,(anonymous_4)
FN:52,(anonymous_5)
FN:56,(anonymous_6)
FN:74,(anonymous_7)
FNF:8
FNH:5
FNDA:12,App
FNDA:4,(anonymous_1)
FNDA:0,(anonymous_2)
FNDA:0,(anonymous_3)
FNDA:0,(anonymous_4)
FNDA:8,(anonymous_5)
FNDA:8,(anonymous_6)
FNDA:84,(anonymous_7)
DA:18,12
DA:19,12
DA:20,12
DA:21,4
DA:22,4
DA:23,4
DA:24,4
DA:25,4
DA:26,0
DA:27,0
DA:28,0
DA:32,0
DA:33,0
DA:34,0
DA:37,0
DA:39,4
DA:40,0
DA:41,0
DA:42,4
DA:43,0
DA:44,0
DA:52,12
DA:56,8
DA:57,8
DA:58,0
DA:61,8
DA:64,12
DA:75,84
LF:28
LH:16
BRDA:25,0,0,0
BRDA:25,0,1,4
BRDA:39,1,0,0
BRDA:39,1,1,4
BRDA:42,2,0,0
BRDA:42,2,1,4
BRF:6
BRH:3
end_of_record
TN:
SF:src\Components\Button\Button.jsx
FN:14,(anonymous_0)
FNF:1
FNH:1
FNDA:672,(anonymous_0)
DA:14,1
DA:15,672
LF:2
LH:2
BRDA:17,0,0,672
BRDA:17,0,1,336
BRDA:17,1,0,672
BRDA:17,1,1,336
BRF:4
BRH:4
end_of_record
TN:
SF:src\Components\Copied\Copied.jsx
FN:9,(anonymous_0)
FNF:1
FNH:1
FNDA:12,(anonymous_0)
DA:9,1
DA:11,12
DA:13,12
LF:3
LH:3
BRF:0
BRH:0
end_of_record
TN:
SF:src\Components\DownloadOptions\DownloadOptions.jsx
FN:12,(anonymous_0)
FNF:1
FNH:1
FNDA:84,(anonymous_0)
DA:12,1
DA:13,84
LF:2
LH:2
BRF:0
BRH:0
end_of_record
TN:
SF:src\Components\ExpDisplay\ExpDisplay.jsx
FN:12,(anonymous_0)
FN:16,(anonymous_1)
FN:55,(anonymous_2)
FNF:3
FNH:3
FNDA:84,(anonymous_0)
FNDA:40,(anonymous_1)
FNDA:432,(anonymous_2)
DA:12,1
DA:13,84
DA:14,84
DA:16,84
DA:17,40
DA:18,32
DA:19,32
DA:20,32
DA:21,32
DA:22,216
DA:24,216
DA:27,216
DA:28,216
DA:29,90
DA:31,216
DA:32,216
DA:33,216
DA:35,32
DA:37,40
DA:38,8
DA:44,84
DA:56,432
LF:22
LH:22
BRDA:17,0,0,32
BRDA:17,0,1,8
BRDA:24,1,0,32
BRDA:24,1,1,184
BRDA:28,2,0,90
BRDA:28,2,1,126
BRDA:37,3,0,8
BRDA:37,3,1,32
BRF:8
BRH:8
end_of_record
TN:
SF:src\Components\ExportOptions\ExportOptions.jsx
FN:15,(anonymous_0)
FNF:1
FNH:1
FNDA:84,(anonymous_0)
DA:15,1
DA:17,84
DA:19,84
LF:3
LH:3
BRF:0
BRH:0
end_of_record
TN:
SF:src\Components\Footer\Footer.jsx
FN:8,(anonymous_0)
FNF:1
FNH:1
FNDA:12,(anonymous_0)
DA:8,1
DA:9,12
LF:2
LH:2
BRF:0
BRH:0
end_of_record
TN:
SF:src\Components\ImportOptions\ImportOptions.jsx
FN:15,(anonymous_0)
FNF:1
FNH:1
FNDA:84,(anonymous_0)
DA:15,1
DA:17,84
DA:19,84
LF:3
LH:3
BRF:0
BRH:0
end_of_record
TN:
SF:src\Components\JsonImportDisplay\JsonImportDisplay.jsx
FN:10,(anonymous_0)
FN:14,(anonymous_1)
FN:15,(anonymous_2)
FN:18,(anonymous_3)
FN:19,(anonymous_4)
FNF:5
FNH:1
FNDA:12,(anonymous_0)
FNDA:0,(anonymous_1)
FNDA:0,(anonymous_2)
FNDA:0,(anonymous_3)
FNDA:0,(anonymous_4)
DA:10,1
DA:11,12
DA:12,12
DA:14,0
DA:15,0
DA:18,0
DA:20,0
DA:21,0
LF:8
LH:3
BRDA:14,0,0,12
BRDA:14,0,1,0
BRF:2
BRH:1
end_of_record
TN:
SF:src\Components\JungleCamp\JungleCamp.jsx
FN:14,(anonymous_0)
FN:23,(anonymous_1)
FN:33,(anonymous_2)
FN:43,(anonymous_3)
FNF:4
FNH:4
FNDA:1470,(anonymous_0)
FNDA:707,(anonymous_1)
FNDA:707,(anonymous_2)
FNDA:69,(anonymous_3)
DA:14,2
DA:16,1470
DA:17,1470
DA:18,1470
DA:19,1470
DA:21,1470
DA:22,1470
DA:23,1470
DA:24,707
DA:25,41
DA:26,41
DA:27,666
DA:28,47
DA:29,47
DA:33,1470
DA:34,707
DA:35,187
DA:36,187
DA:37,187
DA:41,1470
DA:44,69
DA:45,53
DA:46,53
DA:47,53
DA:49,16
DA:50,16
DA:51,16
LF:27
LH:27
BRDA:24,0,0,41
BRDA:24,0,1,666
BRDA:24,1,0,707
BRDA:24,1,1,283
BRDA:27,2,0,47
BRDA:27,2,1,619
BRDA:27,3,0,666
BRDA:27,3,1,242
BRDA:34,4,0,187
BRDA:34,4,1,520
BRDA:44,5,0,53
BRDA:44,5,1,16
BRDA:54,6,0,1470
BRDA:54,6,1,534
BRF:14
BRH:14
end_of_record
TN:
SF:src\Components\Map\Map.jsx
FN:15,(anonymous_0)
FN:19,(anonymous_1)
FN:32,(anonymous_2)
FN:47,(anonymous_3)
FN:51,(anonymous_4)
FNF:5
FNH:4
FNDA:87,(anonymous_0)
FNDA:7,(anonymous_1)
FNDA:0,(anonymous_2)
FNDA:100,(anonymous_3)
FNDA:1400,(anonymous_4)
DA:15,2
DA:17,87
DA:19,87
DA:20,7
DA:21,0
DA:22,0
DA:23,0
DA:24,0
DA:32,87
DA:33,0
DA:34,0
DA:35,0
DA:36,0
DA:39,0
DA:40,0
DA:41,0
DA:45,87
DA:48,100
DA:52,1400
LF:19
LH:8
BRDA:20,0,0,0
BRDA:20,0,1,7
BRDA:35,1,0,0
BRDA:35,1,1,0
BRF:4
BRH:1
end_of_record
TN:
SF:src\Components\ResetButton\ResetButton.jsx
FN:10,(anonymous_0)
FNF:1
FNH:1
FNDA:100,(anonymous_0)
DA:10,2
DA:12,100
DA:14,100
LF:3
LH:3
BRF:0
BRH:0
end_of_record
TN:
SF:src\Components\SelectChamp\SelectChamp.jsx
FN:12,(anonymous_0)
FN:23,(anonymous_1)
FN:27,(anonymous_2)
FN:35,(anonymous_3)
FN:55,(anonymous_4)
FN:56,(anonymous_5)
FN:63,(anonymous_6)
FN:75,(anonymous_7)
FN:76,(anonymous_8)
FN:84,(anonymous_9)
FN:90,(anonymous_10)
FN:94,(anonymous_11)
FN:95,(anonymous_12)
FNF:13
FNH:2
FNDA:84,(anonymous_0)
FNDA:0,(anonymous_1)
FNDA:0,(anonymous_2)
FNDA:4,(anonymous_3)
FNDA:0,(anonymous_4)
FNDA:0,(anonymous_5)
FNDA:0,(anonymous_6)
FNDA:0,(anonymous_7)
FNDA:0,(anonymous_8)
FNDA:0,(anonymous_9)
FNDA:0,(anonymous_10)
FNDA:0,(anonymous_11)
FNDA:0,(anonymous_12)
DA:12,1
DA:14,84
DA:15,84
DA:16,84
DA:17,84
DA:23,84
DA:24,0
DA:25,0
DA:27,0
DA:28,0
DA:30,0
DA:31,0
DA:35,84
DA:36,4
DA:37,0
DA:38,0
DA:39,0
DA:40,0
DA:41,0
DA:42,0
DA:43,0
DA:45,0
DA:55,84
DA:56,0
DA:63,84
DA:64,0
DA:65,0
DA:66,0
DA:68,0
DA:75,84
DA:76,0
DA:77,0
DA:81,84
DA:85,0
DA:90,0
DA:95,0
LF:36
LH:12
BRDA:28,0,0,0
BRDA:28,0,1,0
BRDA:36,1,0,0
BRDA:36,1,1,4
BRDA:37,2,0,0
BRDA:37,2,1,0
BRDA:40,3,0,0
BRDA:40,3,1,0
BRDA:65,4,0,0
BRDA:65,4,1,0
BRDA:84,5,0,84
BRDA:84,5,1,0
BRDA:91,6,0,84
BRDA:91,6,1,0
BRF:14
BRH:3
end_of_record
TN:
SF:src\Components\SideBar\SideBar.jsx
FN:14,(anonymous_0)
FN:25,(anonymous_1)
FN:31,(anonymous_2)
FN:34,(anonymous_3)
FN:40,(anonymous_4)
FN:44,(anonymous_5)
FN:53,(anonymous_6)
FN:54,(anonymous_7)
FN:58,(anonymous_8)
FN:59,(anonymous_9)
FNF:10
FNH:2
FNDA:84,(anonymous_0)
FNDA:84,(anonymous_1)
FNDA:0,(anonymous_2)
FNDA:0,(anonymous_3)
FNDA:0,(anonymous_4)
FNDA:0,(anonymous_5)
FNDA:0,(anonymous_6)
FNDA:0,(anonymous_7)
FNDA:0,(anonymous_8)
FNDA:0,(anonymous_9)
DA:14,1
DA:15,84
DA:16,84
DA:19,84
DA:21,84
DA:26,84
DA:32,0
DA:35,0
DA:41,0
DA:42,0
DA:43,0
DA:44,0
DA:45,0
DA:48,0
DA:53,0
DA:54,0
DA:58,0
DA:59,0
LF:18
LH:6
BRF:0
BRH:0
end_of_record
TN:
SF:src\Components\SideSelect\SideSelect.jsx
FN:10,(anonymous_0)
FN:21,(anonymous_1)
FN:65,(anonymous_2)
FN:71,(anonymous_3)
FN:94,(anonymous_4)
FN:104,(anonymous_5)
FNF:6
FNH:3
FNDA:84,(anonymous_0)
FNDA:0,(anonymous_1)
FNDA:4,(anonymous_2)
FNDA:4,(anonymous_3)
FNDA:0,(anonymous_4)
FNDA:0,(anonymous_5)
DA:10,1
DA:12,84
DA:13,84
DA:14,84
DA:15,84
DA:21,84
DA:22,0
DA:23,0
DA:24,0
DA:25,0
DA:26,0
DA:27,0
DA:30,0
DA:31,0
DA:32,0
DA:34,0
DA:35,0
DA:39,0
DA:40,0
DA:43,0
DA:44,0
DA:45,0
DA:46,0
DA:47,0
DA:50,0
DA:51,0
DA:52,0
DA:54,0
DA:55,0
DA:59,0
DA:60,0
DA:65,84
DA:66,4
DA:67,0
DA:71,84
DA:72,4
DA:73,4
DA:74,4
DA:75,0
DA:76,0
DA:77,0
DA:78,0
DA:79,0
DA:80,0
DA:84,84
DA:94,0
DA:104,0
LF:47
LH:13
BRDA:23,0,0,0
BRDA:23,0,1,0
BRDA:25,1,0,0
BRDA:25,1,1,0
BRDA:26,2,0,0
BRDA:26,2,1,0
BRDA:30,3,0,0
BRDA:30,3,1,0
BRDA:43,4,0,0
BRDA:43,4,1,0
BRDA:45,5,0,0
BRDA:45,5,1,0
BRDA:46,6,0,0
BRDA:46,6,1,0
BRDA:50,7,0,0
BRDA:50,7,1,0
BRDA:66,8,0,0
BRDA:66,8,1,4
BRDA:67,9,0,0
BRDA:67,9,1,0
BRDA:72,10,0,4
BRDA:72,10,1,0
BRDA:75,11,0,0
BRDA:75,11,1,0
BRDA:78,12,0,0
BRDA:78,12,1,0
BRF:26
BRH:2
end_of_record
TN:
SF:src\Components\UrlImportDisplay\UrlImportDisplay.jsx
FN:10,(anonymous_0)
FN:15,(anonymous_1)
FN:16,(anonymous_2)
FN:19,(anonymous_3)
FN:20,(anonymous_4)
FNF:5
FNH:1
FNDA:12,(anonymous_0)
FNDA:0,(anonymous_1)
FNDA:0,(anonymous_2)
FNDA:0,(anonymous_3)
FNDA:0,(anonymous_4)
DA:10,1
DA:11,12
DA:13,12
DA:15,0
DA:16,0
DA:19,0
DA:21,0
DA:22,0
LF:8
LH:3
BRDA:15,0,0,12
BRDA:15,0,1,0
BRF:2
BRH:1
end_of_record
TN:
SF:src\Components\ValuesDisplay\ValuesDisplay.jsx
FN:11,(anonymous_0)
FN:28,(anonymous_1)
FNF:2
FNH:2
FNDA:12,(anonymous_0)
FNDA:84,(anonymous_1)
DA:11,1
DA:13,12
DA:15,12
DA:29,84
LF:4
LH:4
BRF:0
BRH:0
end_of_record
TN:
SF:src\Contexts\CampSelectionContext.jsx
FN:11,(anonymous_0)
FN:13,(anonymous_1)
FN:15,(anonymous_2)
FN:35,(anonymous_3)
FN:51,(anonymous_4)
FN:52,(anonymous_5)
FN:53,(anonymous_6)
FN:67,(anonymous_7)
FN:94,(anonymous_8)
FN:105,(anonymous_9)
FN:115,(anonymous_10)
FN:117,(anonymous_11)
FNF:12
FNH:10
FNDA:732,(anonymous_0)
FNDA:14,(anonymous_1)
FNDA:0,(anonymous_2)
FNDA:253,(anonymous_3)
FNDA:366,(anonymous_4)
FNDA:10338,(anonymous_5)
FNDA:0,(anonymous_6)
FNDA:117,(anonymous_7)
FNDA:4,(anonymous_8)
FNDA:253,(anonymous_9)
FNDA:117,(anonymous_10)
FNDA:220,(anonymous_11)
DA:4,3
DA:11,3
DA:12,732
DA:13,732
DA:14,14
DA:15,0
DA:16,0
DA:18,14
DA:22,732
DA:23,732
DA:24,732
DA:25,732
DA:26,732
DA:27,732
DA:28,732
DA:29,732
DA:35,732
DA:36,253
DA:37,23
DA:38,23
DA:42,230
DA:43,8
DA:44,8
DA:46,222
DA:51,732
DA:52,10338
DA:53,366
DA:54,366
DA:55,366
DA:56,366
DA:57,366
DA:58,0
DA:60,366
DA:67,732
DA:68,117
DA:69,15
DA:70,15
DA:72,102
DA:73,0
DA:74,0
DA:75,0
DA:76,0
DA:78,102
DA:83,732
DA:95,4
DA:96,4
DA:97,4
DA:98,4
DA:99,4
DA:106,253
DA:107,253
DA:108,253
DA:109,253
DA:116,117
DA:117,220
DA:118,117
DA:119,117
DA:120,117
LF:58
LH:51
BRDA:14,0,0,0
BRDA:14,0,1,14
BRDA:14,1,0,14
BRDA:14,1,1,10
BRDA:22,2,0,728
BRDA:22,2,1,4
BRDA:36,3,0,23
BRDA:36,3,1,230
BRDA:38,4,0,20
BRDA:38,4,1,3
BRDA:42,5,0,8
BRDA:42,5,1,222
BRDA:57,6,0,0
BRDA:57,6,1,366
BRDA:68,7,0,15
BRDA:68,7,1,102
BRDA:72,8,0,0
BRDA:72,8,1,102
BRF:18
BRH:15
end_of_record
TN:
SF:src\Contexts\SideBarContext.jsx
FN:11,(anonymous_0)
FN:24,(anonymous_1)
FN:31,(anonymous_2)
FN:40,(anonymous_3)
FN:58,(anonymous_4)
FN:64,(anonymous_5)
FN:71,(anonymous_6)
FN:76,(anonymous_7)
FN:87,(anonymous_8)
FN:94,(anonymous_9)
FN:102,(anonymous_10)
FN:118,(anonymous_11)
FNF:12
FNH:1
FNDA:7,(anonymous_0)
FNDA:0,(anonymous_1)
FNDA:0,(anonymous_2)
FNDA:0,(anonymous_3)
FNDA:0,(anonymous_4)
FNDA:0,(anonymous_5)
FNDA:0,(anonymous_6)
FNDA:0,(anonymous_7)
FNDA:0,(anonymous_8)
FNDA:0,(anonymous_9)
FNDA:0,(anonymous_10)
FNDA:0,(anonymous_11)
DA:4,2
DA:11,2
DA:13,7
DA:14,7
DA:15,7
DA:16,7
DA:17,7
DA:18,7
DA:19,7
DA:20,7
DA:24,7
DA:25,0
DA:31,7
DA:32,0
DA:40,7
DA:41,0
DA:42,0
DA:43,0
DA:44,0
DA:45,0
DA:46,0
DA:48,0
DA:49,0
DA:50,0
DA:51,0
DA:58,7
DA:59,0
DA:64,7
DA:65,0
DA:71,7
DA:72,0
DA:73,0
DA:74,0
DA:75,0
DA:76,0
DA:77,0
DA:80,0
DA:87,7
DA:88,0
DA:94,7
DA:95,0
DA:102,7
DA:103,0
DA:104,0
DA:105,0
DA:107,0
DA:111,0
DA:118,7
DA:119,0
DA:120,0
DA:123,0
DA:125,0
DA:128,7
LF:53
LH:21
BRDA:32,0,0,0
BRDA:32,0,1,0
BRDA:41,1,0,0
BRDA:41,1,1,0
BRDA:41,2,0,0
BRDA:41,2,1,0
BRDA:44,3,0,0
BRDA:44,3,1,0
BRDA:44,4,0,0
BRDA:44,4,1,0
BRDA:48,5,0,0
BRDA:48,5,1,0
BRDA:119,6,0,0
BRDA:119,6,1,0
BRF:14
BRH:0
end_of_record
TN:
SF:src\Data\Arrays.js
FNF:0
FNH:0
DA:1,2
DA:166,2
DA:168,2
DA:241,2
LF:4
LH:4
BRF:0
BRH:0
end_of_record
