TN:
SF:src\Components\JungleCamp\JungleCamp.jsx
FN:5,(anonymous_0)
FN:13,(anonymous_1)
FN:27,(anonymous_2)
FNF:3
FNH:3
FNDA:72,(anonymous_0)
FNDA:70,(anonymous_1)
FNDA:3,(anonymous_2)
DA:5,1
DA:7,72
DA:8,72
DA:9,72
DA:10,72
DA:11,72
DA:13,72
DA:14,70
DA:15,0
DA:16,0
DA:17,70
DA:18,2
DA:19,2
DA:20,2
DA:25,72
DA:28,3
DA:29,2
DA:30,2
DA:31,2
DA:33,1
DA:34,1
DA:35,1
LF:22
LH:20
BRDA:14,0,0,0
BRDA:14,0,1,70
BRDA:14,1,0,70
BRDA:14,1,1,2
BRDA:17,2,0,2
BRDA:17,2,1,68
BRDA:18,3,0,2
BRDA:18,3,1,0
BRDA:28,4,0,2
BRDA:28,4,1,1
BRDA:38,5,0,72
BRDA:38,5,1,4
BRF:12
BRH:10
end_of_record
TN:
SF:src\Components\Map\Map.jsx
FN:7,(anonymous_0)
FN:84,(anonymous_1)
FN:87,(anonymous_2)
FNF:3
FNH:3
FNDA:2,(anonymous_0)
FNDA:5,(anonymous_1)
FNDA:70,(anonymous_2)
DA:7,1
DA:9,2
DA:82,2
DA:85,5
DA:88,70
LF:5
LH:5
BRF:0
BRH:0
end_of_record
TN:
SF:src\Contexts\CampSelectionContext.jsx
FN:6,(anonymous_0)
FN:11,(anonymous_1)
FN:15,(anonymous_2)
FN:16,(anonymous_3)
FNF:4
FNH:4
FNDA:5,(anonymous_0)
FNDA:2,(anonymous_1)
FNDA:1,(anonymous_2)
FNDA:1,(anonymous_3)
DA:4,1
DA:6,1
DA:8,5
DA:9,5
DA:11,5
DA:12,2
DA:13,2
DA:15,5
DA:16,1
DA:17,1
DA:18,1
DA:19,1
DA:22,5
LF:13
LH:13
BRF:0
BRH:0
end_of_record
